<?xml version="1.0" encoding="UTF-8"?>
<testsuites name="Katalon certificate" time="70.683" tests="5" failures="0" errors="0">
   <testsuite name="Katalon certificate" tests="5" failures="0" errors="0" time="70.683" skipped="0" timestamp="2023-10-09 10:27:19" hostname="leyssm1 - 5CG136D91W.iconos.be" id="Test Suites/Katalon certificate">
      <properties>
         <property name="deviceName" value=""/>
         <property name="devicePlatform" value=""/>
         <property name="logFolder" value="C:\\Users\\leyssm1\\git\\E-commerce\\Reports\\20231009_102713\\Katalon certificate\\20231009_102714"/>
         <property name="logFiles" value="C:\\Users\\leyssm1\\git\\E-commerce\\Reports\\20231009_102713\\Katalon certificate\\20231009_102714\\execution0.log"/>
         <property name="attachments" value=""/>
         <property name="hostName" value="leyssm1 - 5CG136D91W.iconos.be"/>
         <property name="os" value="Windows 11 64bit"/>
         <property name="katalonVersion" value="8.6.8.208"/>
         <property name="browser" value="Firefox 118.0"/>
         <property name="hostAddress" value="192.168.0.24"/>
         <property name="sessionId" value="e4f88ff0-348e-46bb-b643-07ff2651e757"/>
         <property name="seleniumVersion" value="3.141.59"/>
         <property name="proxyInformation" value="ProxyInformation { proxyOption=NO_PROXY, proxyServerType=HTTP, username=, password=********, proxyServerAddress=, proxyServerPort=0, executionList=&quot;&quot;, isApplyToDesiredCapabilities=true }"/>
         <property name="platform" value="Windows 11"/>
      </properties>
      <testcase name="Test Cases/Test cases for getting katalon degree/test case 1" time="15.711" classname="Test Cases/Test cases for getting katalon degree/test case 1" status="PASSED">
         <system-out><![CDATA[2023-10-09 10:27:19 - [TEST_CASE][PASSED] - Test Cases/Test cases for getting katalon degree/test case 1: Test Cases/Test cases for getting katalon degree/test case 1

2023-10-09 10:27:19 - [TEST_STEP][PASSED] - openBrowser(""): Browser is opened with url: ''

2023-10-09 10:27:19 - [MESSAGE][INFO] - Starting 'Firefox' driver

2023-10-09 10:27:19 - [MESSAGE][INFO] - Action delay is set to 0 milliseconds

2023-10-09 10:27:24 - [MESSAGE][PASSED] - Browser is opened with url: ''

2023-10-09 10:27:24 - [TEST_STEP][PASSED] - navigateToUrl("https://cms.demo.katalon.com/"): Navigate to 'https://cms.demo.katalon.com/' successfully

2023-10-09 10:27:27 - [MESSAGE][PASSED] - Navigate to 'https://cms.demo.katalon.com/' successfully

2023-10-09 10:27:27 - [TEST_STEP][PASSED] - click(findTestObject("Object Repository/Page_Katalon Shop  Katalon Ecommerce/a_My account")): Object: 'Object Repository/Page_Katalon Shop  Katalon Ecommerce/a_My account' is clicked on

2023-10-09 10:27:29 - [MESSAGE][PASSED] - Object: 'Object Repository/Page_Katalon Shop  Katalon Ecommerce/a_My account' is clicked on

2023-10-09 10:27:29 - [TEST_STEP][PASSED] - verifyElementPresent(findTestObject("Object Repository/Page_My account  Katalon Shop/h2_Recent Posts"), 0): Object 'Object Repository/Page_My account  Katalon Shop/h2_Recent Posts' is present

2023-10-09 10:27:29 - [MESSAGE][WARNING] - Timeout '0' is invalid. Using default page load timeout: '30'

2023-10-09 10:27:29 - [MESSAGE][PASSED] - Object 'Object Repository/Page_My account  Katalon Shop/h2_Recent Posts' is present

2023-10-09 10:27:29 - [TEST_STEP][PASSED] - click(findTestObject("Object Repository/Page_My account  Katalon Shop/button_Log in")): Object: 'Object Repository/Page_My account  Katalon Shop/button_Log in' is clicked on

2023-10-09 10:27:30 - [MESSAGE][PASSED] - Object: 'Object Repository/Page_My account  Katalon Shop/button_Log in' is clicked on

2023-10-09 10:27:30 - [TEST_STEP][PASSED] - click(findTestObject("Object Repository/Page_My account  Katalon Shop/a_Sample Page")): Object: 'Object Repository/Page_My account  Katalon Shop/a_Sample Page' is clicked on

2023-10-09 10:27:31 - [MESSAGE][PASSED] - Object: 'Object Repository/Page_My account  Katalon Shop/a_Sample Page' is clicked on

2023-10-09 10:27:31 - [TEST_STEP][PASSED] - rightClick(findTestObject("Object Repository/Page_Sample Page  Katalon Shop/a_Checkout")): Object: 'Object Repository/Page_Sample Page  Katalon Shop/a_Checkout' is right clicked on

2023-10-09 10:27:32 - [MESSAGE][PASSED] - Object: 'Object Repository/Page_Sample Page  Katalon Shop/a_Checkout' is right clicked on

2023-10-09 10:27:32 - [TEST_STEP][PASSED] - click(findTestObject("Object Repository/Page_Sample Page  Katalon Shop/blockquote_Hi there Im a bike messenger by _996985")): Object: 'Object Repository/Page_Sample Page  Katalon Shop/blockquote_Hi there Im a bike messenger by _996985' is clicked on

2023-10-09 10:27:32 - [MESSAGE][PASSED] - Object: 'Object Repository/Page_Sample Page  Katalon Shop/blockquote_Hi there Im a bike messenger by _996985' is clicked on

2023-10-09 10:27:32 - [TEST_STEP][PASSED] - rightClick(findTestObject("Object Repository/Page_Sample Page  Katalon Shop/p_Hi there Im a bike messenger by day, aspi_ed905b")): Object: 'Object Repository/Page_Sample Page  Katalon Shop/p_Hi there Im a bike messenger by day, aspi_ed905b' is right clicked on

2023-10-09 10:27:33 - [MESSAGE][PASSED] - Object: 'Object Repository/Page_Sample Page  Katalon Shop/p_Hi there Im a bike messenger by day, aspi_ed905b' is right clicked on

2023-10-09 10:27:33 - [TEST_STEP][PASSED] - click(findTestObject("Object Repository/Page_Sample Page  Katalon Shop/p_This is an example page. Its different fr_b854e3")): Object: 'Object Repository/Page_Sample Page  Katalon Shop/p_This is an example page. Its different fr_b854e3' is clicked on

2023-10-09 10:27:33 - [MESSAGE][PASSED] - Object: 'Object Repository/Page_Sample Page  Katalon Shop/p_This is an example page. Its different fr_b854e3' is clicked on

2023-10-09 10:27:33 - [TEST_STEP][PASSED] - verifyElementText(findTestObject("Object Repository/Page_Sample Page  Katalon Shop/h1_Sample Page"), "Sample Page"): Actual text and expected text of test object 'Object Repository/Page_Sample Page  Katalon Shop/h1_Sample Page' are matched.

2023-10-09 10:27:34 - [MESSAGE][PASSED] - Actual text and expected text of test object 'Object Repository/Page_Sample Page  Katalon Shop/h1_Sample Page' are matched.

2023-10-09 10:27:34 - [TEST_STEP][PASSED] - closeBrowser(): Browser is closed

2023-10-09 10:27:34 - [MESSAGE][PASSED] - Browser is closed]]></system-out>
         <system-err><![CDATA[]]></system-err>
      </testcase>
      <testcase name="Test Cases/Test cases for getting katalon degree/Test case 2" time="13.157" classname="Test Cases/Test cases for getting katalon degree/Test case 2" status="PASSED">
         <system-out><![CDATA[2023-10-09 10:27:34 - [TEST_CASE][PASSED] - Test Cases/Test cases for getting katalon degree/Test case 2: Test Cases/Test cases for getting katalon degree/Test case 2

2023-10-09 10:27:35 - [TEST_STEP][PASSED] - openBrowser(""): Browser is opened with url: ''

2023-10-09 10:27:35 - [MESSAGE][INFO] - Starting 'Firefox' driver

2023-10-09 10:27:35 - [MESSAGE][INFO] - Action delay is set to 0 milliseconds

2023-10-09 10:27:38 - [MESSAGE][PASSED] - Browser is opened with url: ''

2023-10-09 10:27:38 - [TEST_STEP][PASSED] - navigateToUrl("https://cms.demo.katalon.com/"): Navigate to 'https://cms.demo.katalon.com/' successfully

2023-10-09 10:27:40 - [MESSAGE][PASSED] - Navigate to 'https://cms.demo.katalon.com/' successfully

2023-10-09 10:27:40 - [TEST_STEP][PASSED] - click(findTestObject("Object Repository/Page_Katalon Shop  Katalon Ecommerce/a_My account")): Object: 'Object Repository/Page_Katalon Shop  Katalon Ecommerce/a_My account' is clicked on

2023-10-09 10:27:42 - [MESSAGE][PASSED] - Object: 'Object Repository/Page_Katalon Shop  Katalon Ecommerce/a_My account' is clicked on

2023-10-09 10:27:42 - [TEST_STEP][PASSED] - verifyElementPresent(findTestObject("Object Repository/Page_My account  Katalon Shop/h2_Recent Posts"), 0): Object 'Object Repository/Page_My account  Katalon Shop/h2_Recent Posts' is present

2023-10-09 10:27:42 - [MESSAGE][WARNING] - Timeout '0' is invalid. Using default page load timeout: '30'

2023-10-09 10:27:42 - [MESSAGE][PASSED] - Object 'Object Repository/Page_My account  Katalon Shop/h2_Recent Posts' is present

2023-10-09 10:27:42 - [TEST_STEP][PASSED] - click(findTestObject("Object Repository/Page_My account  Katalon Shop/button_Log in")): Object: 'Object Repository/Page_My account  Katalon Shop/button_Log in' is clicked on

2023-10-09 10:27:43 - [MESSAGE][PASSED] - Object: 'Object Repository/Page_My account  Katalon Shop/button_Log in' is clicked on

2023-10-09 10:27:43 - [TEST_STEP][PASSED] - click(findTestObject("Object Repository/Page_My account  Katalon Shop/a_Sample Page")): Object: 'Object Repository/Page_My account  Katalon Shop/a_Sample Page' is clicked on

2023-10-09 10:27:44 - [MESSAGE][PASSED] - Object: 'Object Repository/Page_My account  Katalon Shop/a_Sample Page' is clicked on

2023-10-09 10:27:44 - [TEST_STEP][PASSED] - rightClick(findTestObject("Object Repository/Page_Sample Page  Katalon Shop/a_Checkout")): Object: 'Object Repository/Page_Sample Page  Katalon Shop/a_Checkout' is right clicked on

2023-10-09 10:27:45 - [MESSAGE][PASSED] - Object: 'Object Repository/Page_Sample Page  Katalon Shop/a_Checkout' is right clicked on

2023-10-09 10:27:45 - [TEST_STEP][PASSED] - click(findTestObject("Object Repository/Page_Sample Page  Katalon Shop/blockquote_Hi there Im a bike messenger by _996985")): Object: 'Object Repository/Page_Sample Page  Katalon Shop/blockquote_Hi there Im a bike messenger by _996985' is clicked on

2023-10-09 10:27:46 - [MESSAGE][PASSED] - Object: 'Object Repository/Page_Sample Page  Katalon Shop/blockquote_Hi there Im a bike messenger by _996985' is clicked on

2023-10-09 10:27:46 - [TEST_STEP][PASSED] - rightClick(findTestObject("Object Repository/Page_Sample Page  Katalon Shop/p_Hi there Im a bike messenger by day, aspi_ed905b")): Object: 'Object Repository/Page_Sample Page  Katalon Shop/p_Hi there Im a bike messenger by day, aspi_ed905b' is right clicked on

2023-10-09 10:27:46 - [MESSAGE][PASSED] - Object: 'Object Repository/Page_Sample Page  Katalon Shop/p_Hi there Im a bike messenger by day, aspi_ed905b' is right clicked on

2023-10-09 10:27:46 - [TEST_STEP][PASSED] - click(findTestObject("Object Repository/Page_Sample Page  Katalon Shop/p_This is an example page. Its different fr_b854e3")): Object: 'Object Repository/Page_Sample Page  Katalon Shop/p_This is an example page. Its different fr_b854e3' is clicked on

2023-10-09 10:27:46 - [MESSAGE][PASSED] - Object: 'Object Repository/Page_Sample Page  Katalon Shop/p_This is an example page. Its different fr_b854e3' is clicked on

2023-10-09 10:27:46 - [TEST_STEP][PASSED] - verifyElementText(findTestObject("Object Repository/Page_Sample Page  Katalon Shop/h1_Sample Page"), "Sample Page"): Actual text and expected text of test object 'Object Repository/Page_Sample Page  Katalon Shop/h1_Sample Page' are matched.

2023-10-09 10:27:47 - [MESSAGE][PASSED] - Actual text and expected text of test object 'Object Repository/Page_Sample Page  Katalon Shop/h1_Sample Page' are matched.

2023-10-09 10:27:47 - [TEST_STEP][PASSED] - closeBrowser(): Browser is closed

2023-10-09 10:27:48 - [MESSAGE][PASSED] - Browser is closed]]></system-out>
         <system-err><![CDATA[]]></system-err>
      </testcase>
      <testcase name="Test Cases/Test cases for getting katalon degree/test case 3" time="13.211" classname="Test Cases/Test cases for getting katalon degree/test case 3" status="PASSED">
         <system-out><![CDATA[2023-10-09 10:27:48 - [TEST_CASE][PASSED] - Test Cases/Test cases for getting katalon degree/test case 3: Test Cases/Test cases for getting katalon degree/test case 3

2023-10-09 10:27:48 - [TEST_STEP][PASSED] - openBrowser(""): Browser is opened with url: ''

2023-10-09 10:27:48 - [MESSAGE][INFO] - Starting 'Firefox' driver

2023-10-09 10:27:48 - [MESSAGE][INFO] - Action delay is set to 0 milliseconds

2023-10-09 10:27:51 - [MESSAGE][PASSED] - Browser is opened with url: ''

2023-10-09 10:27:51 - [TEST_STEP][PASSED] - navigateToUrl("https://cms.demo.katalon.com/"): Navigate to 'https://cms.demo.katalon.com/' successfully

2023-10-09 10:27:53 - [MESSAGE][PASSED] - Navigate to 'https://cms.demo.katalon.com/' successfully

2023-10-09 10:27:53 - [TEST_STEP][PASSED] - click(findTestObject("Object Repository/Page_Katalon Shop  Katalon Ecommerce/a_My account")): Object: 'Object Repository/Page_Katalon Shop  Katalon Ecommerce/a_My account' is clicked on

2023-10-09 10:27:55 - [MESSAGE][PASSED] - Object: 'Object Repository/Page_Katalon Shop  Katalon Ecommerce/a_My account' is clicked on

2023-10-09 10:27:55 - [TEST_STEP][PASSED] - verifyElementPresent(findTestObject("Object Repository/Page_My account  Katalon Shop/h2_Recent Posts"), 0): Object 'Object Repository/Page_My account  Katalon Shop/h2_Recent Posts' is present

2023-10-09 10:27:55 - [MESSAGE][WARNING] - Timeout '0' is invalid. Using default page load timeout: '30'

2023-10-09 10:27:55 - [MESSAGE][PASSED] - Object 'Object Repository/Page_My account  Katalon Shop/h2_Recent Posts' is present

2023-10-09 10:27:55 - [TEST_STEP][PASSED] - click(findTestObject("Object Repository/Page_My account  Katalon Shop/button_Log in")): Object: 'Object Repository/Page_My account  Katalon Shop/button_Log in' is clicked on

2023-10-09 10:27:56 - [MESSAGE][PASSED] - Object: 'Object Repository/Page_My account  Katalon Shop/button_Log in' is clicked on

2023-10-09 10:27:56 - [TEST_STEP][PASSED] - click(findTestObject("Object Repository/Page_My account  Katalon Shop/a_Sample Page")): Object: 'Object Repository/Page_My account  Katalon Shop/a_Sample Page' is clicked on

2023-10-09 10:27:58 - [MESSAGE][PASSED] - Object: 'Object Repository/Page_My account  Katalon Shop/a_Sample Page' is clicked on

2023-10-09 10:27:58 - [TEST_STEP][PASSED] - rightClick(findTestObject("Object Repository/Page_Sample Page  Katalon Shop/a_Checkout")): Object: 'Object Repository/Page_Sample Page  Katalon Shop/a_Checkout' is right clicked on

2023-10-09 10:27:58 - [MESSAGE][PASSED] - Object: 'Object Repository/Page_Sample Page  Katalon Shop/a_Checkout' is right clicked on

2023-10-09 10:27:58 - [TEST_STEP][PASSED] - click(findTestObject("Object Repository/Page_Sample Page  Katalon Shop/blockquote_Hi there Im a bike messenger by _996985")): Object: 'Object Repository/Page_Sample Page  Katalon Shop/blockquote_Hi there Im a bike messenger by _996985' is clicked on

2023-10-09 10:27:59 - [MESSAGE][PASSED] - Object: 'Object Repository/Page_Sample Page  Katalon Shop/blockquote_Hi there Im a bike messenger by _996985' is clicked on

2023-10-09 10:27:59 - [TEST_STEP][PASSED] - rightClick(findTestObject("Object Repository/Page_Sample Page  Katalon Shop/p_Hi there Im a bike messenger by day, aspi_ed905b")): Object: 'Object Repository/Page_Sample Page  Katalon Shop/p_Hi there Im a bike messenger by day, aspi_ed905b' is right clicked on

2023-10-09 10:27:59 - [MESSAGE][PASSED] - Object: 'Object Repository/Page_Sample Page  Katalon Shop/p_Hi there Im a bike messenger by day, aspi_ed905b' is right clicked on

2023-10-09 10:27:59 - [TEST_STEP][PASSED] - click(findTestObject("Object Repository/Page_Sample Page  Katalon Shop/p_This is an example page. Its different fr_b854e3")): Object: 'Object Repository/Page_Sample Page  Katalon Shop/p_This is an example page. Its different fr_b854e3' is clicked on

2023-10-09 10:28:00 - [MESSAGE][PASSED] - Object: 'Object Repository/Page_Sample Page  Katalon Shop/p_This is an example page. Its different fr_b854e3' is clicked on

2023-10-09 10:28:00 - [TEST_STEP][PASSED] - verifyElementText(findTestObject("Object Repository/Page_Sample Page  Katalon Shop/h1_Sample Page"), "Sample Page"): Actual text and expected text of test object 'Object Repository/Page_Sample Page  Katalon Shop/h1_Sample Page' are matched.

2023-10-09 10:28:00 - [MESSAGE][PASSED] - Actual text and expected text of test object 'Object Repository/Page_Sample Page  Katalon Shop/h1_Sample Page' are matched.

2023-10-09 10:28:00 - [TEST_STEP][PASSED] - closeBrowser(): Browser is closed

2023-10-09 10:28:01 - [MESSAGE][PASSED] - Browser is closed]]></system-out>
         <system-err><![CDATA[]]></system-err>
      </testcase>
      <testcase name="Test Cases/Test cases for getting katalon degree/test case 4" time="14.149" classname="Test Cases/Test cases for getting katalon degree/test case 4" status="PASSED">
         <system-out><![CDATA[2023-10-09 10:28:01 - [TEST_CASE][PASSED] - Test Cases/Test cases for getting katalon degree/test case 4: Test Cases/Test cases for getting katalon degree/test case 4

2023-10-09 10:28:01 - [TEST_STEP][PASSED] - openBrowser(""): Browser is opened with url: ''

2023-10-09 10:28:01 - [MESSAGE][INFO] - Starting 'Firefox' driver

2023-10-09 10:28:01 - [MESSAGE][INFO] - Action delay is set to 0 milliseconds

2023-10-09 10:28:04 - [MESSAGE][PASSED] - Browser is opened with url: ''

2023-10-09 10:28:04 - [TEST_STEP][PASSED] - navigateToUrl("https://cms.demo.katalon.com/"): Navigate to 'https://cms.demo.katalon.com/' successfully

2023-10-09 10:28:07 - [MESSAGE][PASSED] - Navigate to 'https://cms.demo.katalon.com/' successfully

2023-10-09 10:28:07 - [TEST_STEP][PASSED] - click(findTestObject("Object Repository/Page_Katalon Shop  Katalon Ecommerce/a_My account")): Object: 'Object Repository/Page_Katalon Shop  Katalon Ecommerce/a_My account' is clicked on

2023-10-09 10:28:09 - [MESSAGE][PASSED] - Object: 'Object Repository/Page_Katalon Shop  Katalon Ecommerce/a_My account' is clicked on

2023-10-09 10:28:09 - [TEST_STEP][PASSED] - verifyElementPresent(findTestObject("Object Repository/Page_My account  Katalon Shop/h2_Recent Posts"), 0): Object 'Object Repository/Page_My account  Katalon Shop/h2_Recent Posts' is present

2023-10-09 10:28:09 - [MESSAGE][WARNING] - Timeout '0' is invalid. Using default page load timeout: '30'

2023-10-09 10:28:09 - [MESSAGE][PASSED] - Object 'Object Repository/Page_My account  Katalon Shop/h2_Recent Posts' is present

2023-10-09 10:28:09 - [TEST_STEP][PASSED] - click(findTestObject("Object Repository/Page_My account  Katalon Shop/button_Log in")): Object: 'Object Repository/Page_My account  Katalon Shop/button_Log in' is clicked on

2023-10-09 10:28:10 - [MESSAGE][PASSED] - Object: 'Object Repository/Page_My account  Katalon Shop/button_Log in' is clicked on

2023-10-09 10:28:10 - [TEST_STEP][PASSED] - click(findTestObject("Object Repository/Page_My account  Katalon Shop/a_Sample Page")): Object: 'Object Repository/Page_My account  Katalon Shop/a_Sample Page' is clicked on

2023-10-09 10:28:12 - [MESSAGE][PASSED] - Object: 'Object Repository/Page_My account  Katalon Shop/a_Sample Page' is clicked on

2023-10-09 10:28:12 - [TEST_STEP][PASSED] - rightClick(findTestObject("Object Repository/Page_Sample Page  Katalon Shop/a_Checkout")): Object: 'Object Repository/Page_Sample Page  Katalon Shop/a_Checkout' is right clicked on

2023-10-09 10:28:12 - [MESSAGE][PASSED] - Object: 'Object Repository/Page_Sample Page  Katalon Shop/a_Checkout' is right clicked on

2023-10-09 10:28:12 - [TEST_STEP][PASSED] - click(findTestObject("Object Repository/Page_Sample Page  Katalon Shop/blockquote_Hi there Im a bike messenger by _996985")): Object: 'Object Repository/Page_Sample Page  Katalon Shop/blockquote_Hi there Im a bike messenger by _996985' is clicked on

2023-10-09 10:28:13 - [MESSAGE][PASSED] - Object: 'Object Repository/Page_Sample Page  Katalon Shop/blockquote_Hi there Im a bike messenger by _996985' is clicked on

2023-10-09 10:28:13 - [TEST_STEP][PASSED] - rightClick(findTestObject("Object Repository/Page_Sample Page  Katalon Shop/p_Hi there Im a bike messenger by day, aspi_ed905b")): Object: 'Object Repository/Page_Sample Page  Katalon Shop/p_Hi there Im a bike messenger by day, aspi_ed905b' is right clicked on

2023-10-09 10:28:13 - [MESSAGE][PASSED] - Object: 'Object Repository/Page_Sample Page  Katalon Shop/p_Hi there Im a bike messenger by day, aspi_ed905b' is right clicked on

2023-10-09 10:28:13 - [TEST_STEP][PASSED] - click(findTestObject("Object Repository/Page_Sample Page  Katalon Shop/p_This is an example page. Its different fr_b854e3")): Object: 'Object Repository/Page_Sample Page  Katalon Shop/p_This is an example page. Its different fr_b854e3' is clicked on

2023-10-09 10:28:14 - [MESSAGE][PASSED] - Object: 'Object Repository/Page_Sample Page  Katalon Shop/p_This is an example page. Its different fr_b854e3' is clicked on

2023-10-09 10:28:14 - [TEST_STEP][PASSED] - verifyElementText(findTestObject("Object Repository/Page_Sample Page  Katalon Shop/h1_Sample Page"), "Sample Page"): Actual text and expected text of test object 'Object Repository/Page_Sample Page  Katalon Shop/h1_Sample Page' are matched.

2023-10-09 10:28:14 - [MESSAGE][PASSED] - Actual text and expected text of test object 'Object Repository/Page_Sample Page  Katalon Shop/h1_Sample Page' are matched.

2023-10-09 10:28:14 - [TEST_STEP][PASSED] - closeBrowser(): Browser is closed

2023-10-09 10:28:15 - [MESSAGE][PASSED] - Browser is closed]]></system-out>
         <system-err><![CDATA[]]></system-err>
      </testcase>
      <testcase name="Test Cases/Test cases for getting katalon degree/test case 5" time="14.269" classname="Test Cases/Test cases for getting katalon degree/test case 5" status="PASSED">
         <system-out><![CDATA[2023-10-09 10:28:15 - [TEST_CASE][PASSED] - Test Cases/Test cases for getting katalon degree/test case 5: Test Cases/Test cases for getting katalon degree/test case 5

2023-10-09 10:28:15 - [TEST_STEP][PASSED] - openBrowser(""): Browser is opened with url: ''

2023-10-09 10:28:15 - [MESSAGE][INFO] - Starting 'Firefox' driver

2023-10-09 10:28:15 - [MESSAGE][INFO] - Action delay is set to 0 milliseconds

2023-10-09 10:28:18 - [MESSAGE][PASSED] - Browser is opened with url: ''

2023-10-09 10:28:18 - [TEST_STEP][PASSED] - navigateToUrl("https://cms.demo.katalon.com/"): Navigate to 'https://cms.demo.katalon.com/' successfully

2023-10-09 10:28:21 - [MESSAGE][PASSED] - Navigate to 'https://cms.demo.katalon.com/' successfully

2023-10-09 10:28:21 - [TEST_STEP][PASSED] - click(findTestObject("Object Repository/Page_Katalon Shop  Katalon Ecommerce/a_My account")): Object: 'Object Repository/Page_Katalon Shop  Katalon Ecommerce/a_My account' is clicked on

2023-10-09 10:28:23 - [MESSAGE][PASSED] - Object: 'Object Repository/Page_Katalon Shop  Katalon Ecommerce/a_My account' is clicked on

2023-10-09 10:28:23 - [TEST_STEP][PASSED] - verifyElementPresent(findTestObject("Object Repository/Page_My account  Katalon Shop/h2_Recent Posts"), 0): Object 'Object Repository/Page_My account  Katalon Shop/h2_Recent Posts' is present

2023-10-09 10:28:23 - [MESSAGE][WARNING] - Timeout '0' is invalid. Using default page load timeout: '30'

2023-10-09 10:28:23 - [MESSAGE][PASSED] - Object 'Object Repository/Page_My account  Katalon Shop/h2_Recent Posts' is present

2023-10-09 10:28:23 - [TEST_STEP][PASSED] - click(findTestObject("Object Repository/Page_My account  Katalon Shop/button_Log in")): Object: 'Object Repository/Page_My account  Katalon Shop/button_Log in' is clicked on

2023-10-09 10:28:25 - [MESSAGE][PASSED] - Object: 'Object Repository/Page_My account  Katalon Shop/button_Log in' is clicked on

2023-10-09 10:28:25 - [TEST_STEP][PASSED] - click(findTestObject("Object Repository/Page_My account  Katalon Shop/a_Sample Page")): Object: 'Object Repository/Page_My account  Katalon Shop/a_Sample Page' is clicked on

2023-10-09 10:28:26 - [MESSAGE][PASSED] - Object: 'Object Repository/Page_My account  Katalon Shop/a_Sample Page' is clicked on

2023-10-09 10:28:26 - [TEST_STEP][PASSED] - rightClick(findTestObject("Object Repository/Page_Sample Page  Katalon Shop/a_Checkout")): Object: 'Object Repository/Page_Sample Page  Katalon Shop/a_Checkout' is right clicked on

2023-10-09 10:28:27 - [MESSAGE][PASSED] - Object: 'Object Repository/Page_Sample Page  Katalon Shop/a_Checkout' is right clicked on

2023-10-09 10:28:27 - [TEST_STEP][PASSED] - click(findTestObject("Object Repository/Page_Sample Page  Katalon Shop/blockquote_Hi there Im a bike messenger by _996985")): Object: 'Object Repository/Page_Sample Page  Katalon Shop/blockquote_Hi there Im a bike messenger by _996985' is clicked on

2023-10-09 10:28:27 - [MESSAGE][PASSED] - Object: 'Object Repository/Page_Sample Page  Katalon Shop/blockquote_Hi there Im a bike messenger by _996985' is clicked on

2023-10-09 10:28:27 - [TEST_STEP][PASSED] - rightClick(findTestObject("Object Repository/Page_Sample Page  Katalon Shop/p_Hi there Im a bike messenger by day, aspi_ed905b")): Object: 'Object Repository/Page_Sample Page  Katalon Shop/p_Hi there Im a bike messenger by day, aspi_ed905b' is right clicked on

2023-10-09 10:28:28 - [MESSAGE][PASSED] - Object: 'Object Repository/Page_Sample Page  Katalon Shop/p_Hi there Im a bike messenger by day, aspi_ed905b' is right clicked on

2023-10-09 10:28:28 - [TEST_STEP][PASSED] - click(findTestObject("Object Repository/Page_Sample Page  Katalon Shop/p_This is an example page. Its different fr_b854e3")): Object: 'Object Repository/Page_Sample Page  Katalon Shop/p_This is an example page. Its different fr_b854e3' is clicked on

2023-10-09 10:28:28 - [MESSAGE][PASSED] - Object: 'Object Repository/Page_Sample Page  Katalon Shop/p_This is an example page. Its different fr_b854e3' is clicked on

2023-10-09 10:28:28 - [TEST_STEP][PASSED] - verifyElementText(findTestObject("Object Repository/Page_Sample Page  Katalon Shop/h1_Sample Page"), "Sample Page"): Actual text and expected text of test object 'Object Repository/Page_Sample Page  Katalon Shop/h1_Sample Page' are matched.

2023-10-09 10:28:28 - [MESSAGE][PASSED] - Actual text and expected text of test object 'Object Repository/Page_Sample Page  Katalon Shop/h1_Sample Page' are matched.

2023-10-09 10:28:28 - [TEST_STEP][PASSED] - closeBrowser(): Browser is closed

2023-10-09 10:28:29 - [MESSAGE][PASSED] - Browser is closed]]></system-out>
         <system-err><![CDATA[]]></system-err>
      </testcase>
      <system-out><![CDATA[2023-10-09 10:27:19 - [TEST_SUITE][PASSED] - Katalon certificate: Test Cases/Test cases for getting katalon degree/test case 5]]></system-out>
      <system-err><![CDATA[]]></system-err>
   </testsuite>
</testsuites>
