<?xml version="1.0" encoding="UTF-8"?>
<testsuites name="Katalon certificate" time="73.871" tests="5" failures="0" errors="0">
   <testsuite name="Katalon certificate" tests="5" failures="0" errors="0" time="73.871" skipped="0" timestamp="2023-10-09 09:39:35" hostname="leyssm1 - 5CG136D91W.iconos.be" id="Test Suites/Katalon certificate">
      <properties>
         <property name="deviceName" value=""/>
         <property name="devicePlatform" value=""/>
         <property name="logFolder" value="C:\\Users\\leyssm1\\git\\E-commerce\\Reports\\20231009_093928\\Katalon certificate\\20231009_093931"/>
         <property name="logFiles" value="C:\\Users\\leyssm1\\git\\E-commerce\\Reports\\20231009_093928\\Katalon certificate\\20231009_093931\\execution0.log"/>
         <property name="attachments" value=""/>
         <property name="hostName" value="leyssm1 - 5CG136D91W.iconos.be"/>
         <property name="os" value="Windows 11 64bit"/>
         <property name="katalonVersion" value="8.6.8.208"/>
         <property name="browser" value="Firefox 118.0"/>
         <property name="hostAddress" value="192.168.0.24"/>
         <property name="sessionId" value="1c3c5f11-dd4a-47a0-9d29-4fd9d4ff4397"/>
         <property name="seleniumVersion" value="3.141.59"/>
         <property name="proxyInformation" value="ProxyInformation { proxyOption=NO_PROXY, proxyServerType=HTTP, username=, password=********, proxyServerAddress=, proxyServerPort=0, executionList=&quot;&quot;, isApplyToDesiredCapabilities=true }"/>
         <property name="platform" value="Windows 11"/>
      </properties>
      <testcase name="Test Cases/Test cases for getting katalon degree/test case 1" time="15.379" classname="Test Cases/Test cases for getting katalon degree/test case 1" status="PASSED">
         <system-out><![CDATA[2023-10-09 09:39:35 - [TEST_CASE][PASSED] - Test Cases/Test cases for getting katalon degree/test case 1: Test Cases/Test cases for getting katalon degree/test case 1

2023-10-09 09:39:35 - [TEST_STEP][PASSED] - openBrowser(""): Browser is opened with url: ''

2023-10-09 09:39:35 - [MESSAGE][INFO] - Starting 'Firefox' driver

2023-10-09 09:39:35 - [MESSAGE][INFO] - Action delay is set to 0 milliseconds

2023-10-09 09:39:40 - [MESSAGE][PASSED] - Browser is opened with url: ''

2023-10-09 09:39:40 - [TEST_STEP][PASSED] - navigateToUrl("https://cms.demo.katalon.com/"): Navigate to 'https://cms.demo.katalon.com/' successfully

2023-10-09 09:39:43 - [MESSAGE][PASSED] - Navigate to 'https://cms.demo.katalon.com/' successfully

2023-10-09 09:39:43 - [TEST_STEP][PASSED] - click(findTestObject("Object Repository/Page_Katalon Shop  Katalon Ecommerce/a_My account")): Object: 'Object Repository/Page_Katalon Shop  Katalon Ecommerce/a_My account' is clicked on

2023-10-09 09:39:44 - [MESSAGE][PASSED] - Object: 'Object Repository/Page_Katalon Shop  Katalon Ecommerce/a_My account' is clicked on

2023-10-09 09:39:44 - [TEST_STEP][PASSED] - verifyElementPresent(findTestObject("Object Repository/Page_My account  Katalon Shop/h2_Recent Posts"), 0): Object 'Object Repository/Page_My account  Katalon Shop/h2_Recent Posts' is present

2023-10-09 09:39:44 - [MESSAGE][WARNING] - Timeout '0' is invalid. Using default page load timeout: '30'

2023-10-09 09:39:45 - [MESSAGE][PASSED] - Object 'Object Repository/Page_My account  Katalon Shop/h2_Recent Posts' is present

2023-10-09 09:39:45 - [TEST_STEP][PASSED] - click(findTestObject("Object Repository/Page_My account  Katalon Shop/button_Log in")): Object: 'Object Repository/Page_My account  Katalon Shop/button_Log in' is clicked on

2023-10-09 09:39:46 - [MESSAGE][PASSED] - Object: 'Object Repository/Page_My account  Katalon Shop/button_Log in' is clicked on

2023-10-09 09:39:46 - [TEST_STEP][PASSED] - click(findTestObject("Object Repository/Page_My account  Katalon Shop/a_Sample Page")): Object: 'Object Repository/Page_My account  Katalon Shop/a_Sample Page' is clicked on

2023-10-09 09:39:47 - [MESSAGE][PASSED] - Object: 'Object Repository/Page_My account  Katalon Shop/a_Sample Page' is clicked on

2023-10-09 09:39:47 - [TEST_STEP][PASSED] - rightClick(findTestObject("Object Repository/Page_Sample Page  Katalon Shop/a_Checkout")): Object: 'Object Repository/Page_Sample Page  Katalon Shop/a_Checkout' is right clicked on

2023-10-09 09:39:47 - [MESSAGE][PASSED] - Object: 'Object Repository/Page_Sample Page  Katalon Shop/a_Checkout' is right clicked on

2023-10-09 09:39:47 - [TEST_STEP][PASSED] - click(findTestObject("Object Repository/Page_Sample Page  Katalon Shop/blockquote_Hi there Im a bike messenger by _996985")): Object: 'Object Repository/Page_Sample Page  Katalon Shop/blockquote_Hi there Im a bike messenger by _996985' is clicked on

2023-10-09 09:39:48 - [MESSAGE][PASSED] - Object: 'Object Repository/Page_Sample Page  Katalon Shop/blockquote_Hi there Im a bike messenger by _996985' is clicked on

2023-10-09 09:39:48 - [TEST_STEP][PASSED] - rightClick(findTestObject("Object Repository/Page_Sample Page  Katalon Shop/p_Hi there Im a bike messenger by day, aspi_ed905b")): Object: 'Object Repository/Page_Sample Page  Katalon Shop/p_Hi there Im a bike messenger by day, aspi_ed905b' is right clicked on

2023-10-09 09:39:48 - [MESSAGE][PASSED] - Object: 'Object Repository/Page_Sample Page  Katalon Shop/p_Hi there Im a bike messenger by day, aspi_ed905b' is right clicked on

2023-10-09 09:39:48 - [TEST_STEP][PASSED] - click(findTestObject("Object Repository/Page_Sample Page  Katalon Shop/p_This is an example page. Its different fr_b854e3")): Object: 'Object Repository/Page_Sample Page  Katalon Shop/p_This is an example page. Its different fr_b854e3' is clicked on

2023-10-09 09:39:49 - [MESSAGE][PASSED] - Object: 'Object Repository/Page_Sample Page  Katalon Shop/p_This is an example page. Its different fr_b854e3' is clicked on

2023-10-09 09:39:49 - [TEST_STEP][PASSED] - verifyElementText(findTestObject("Object Repository/Page_Sample Page  Katalon Shop/h1_Sample Page"), "Sample Page"): Actual text and expected text of test object 'Object Repository/Page_Sample Page  Katalon Shop/h1_Sample Page' are matched.

2023-10-09 09:39:49 - [MESSAGE][PASSED] - Actual text and expected text of test object 'Object Repository/Page_Sample Page  Katalon Shop/h1_Sample Page' are matched.

2023-10-09 09:39:49 - [TEST_STEP][PASSED] - closeBrowser(): Browser is closed

2023-10-09 09:39:50 - [MESSAGE][PASSED] - Browser is closed]]></system-out>
         <system-err><![CDATA[]]></system-err>
      </testcase>
      <testcase name="Test Cases/Test cases for getting katalon degree/Test case 2" time="13.165" classname="Test Cases/Test cases for getting katalon degree/Test case 2" status="PASSED">
         <system-out><![CDATA[2023-10-09 09:39:50 - [TEST_CASE][PASSED] - Test Cases/Test cases for getting katalon degree/Test case 2: Test Cases/Test cases for getting katalon degree/Test case 2

2023-10-09 09:39:50 - [TEST_STEP][PASSED] - openBrowser(""): Browser is opened with url: ''

2023-10-09 09:39:50 - [MESSAGE][INFO] - Starting 'Firefox' driver

2023-10-09 09:39:50 - [MESSAGE][INFO] - Action delay is set to 0 milliseconds

2023-10-09 09:39:53 - [MESSAGE][PASSED] - Browser is opened with url: ''

2023-10-09 09:39:53 - [TEST_STEP][PASSED] - navigateToUrl("https://cms.demo.katalon.com/"): Navigate to 'https://cms.demo.katalon.com/' successfully

2023-10-09 09:39:56 - [MESSAGE][PASSED] - Navigate to 'https://cms.demo.katalon.com/' successfully

2023-10-09 09:39:56 - [TEST_STEP][PASSED] - click(findTestObject("Object Repository/Page_Katalon Shop  Katalon Ecommerce/a_My account")): Object: 'Object Repository/Page_Katalon Shop  Katalon Ecommerce/a_My account' is clicked on

2023-10-09 09:39:57 - [MESSAGE][PASSED] - Object: 'Object Repository/Page_Katalon Shop  Katalon Ecommerce/a_My account' is clicked on

2023-10-09 09:39:57 - [TEST_STEP][PASSED] - verifyElementPresent(findTestObject("Object Repository/Page_My account  Katalon Shop/h2_Recent Posts"), 0): Object 'Object Repository/Page_My account  Katalon Shop/h2_Recent Posts' is present

2023-10-09 09:39:57 - [MESSAGE][WARNING] - Timeout '0' is invalid. Using default page load timeout: '30'

2023-10-09 09:39:58 - [MESSAGE][PASSED] - Object 'Object Repository/Page_My account  Katalon Shop/h2_Recent Posts' is present

2023-10-09 09:39:58 - [TEST_STEP][PASSED] - click(findTestObject("Object Repository/Page_My account  Katalon Shop/button_Log in")): Object: 'Object Repository/Page_My account  Katalon Shop/button_Log in' is clicked on

2023-10-09 09:39:59 - [MESSAGE][PASSED] - Object: 'Object Repository/Page_My account  Katalon Shop/button_Log in' is clicked on

2023-10-09 09:39:59 - [TEST_STEP][PASSED] - click(findTestObject("Object Repository/Page_My account  Katalon Shop/a_Sample Page")): Object: 'Object Repository/Page_My account  Katalon Shop/a_Sample Page' is clicked on

2023-10-09 09:40:00 - [MESSAGE][PASSED] - Object: 'Object Repository/Page_My account  Katalon Shop/a_Sample Page' is clicked on

2023-10-09 09:40:00 - [TEST_STEP][PASSED] - rightClick(findTestObject("Object Repository/Page_Sample Page  Katalon Shop/a_Checkout")): Object: 'Object Repository/Page_Sample Page  Katalon Shop/a_Checkout' is right clicked on

2023-10-09 09:40:01 - [MESSAGE][PASSED] - Object: 'Object Repository/Page_Sample Page  Katalon Shop/a_Checkout' is right clicked on

2023-10-09 09:40:01 - [TEST_STEP][PASSED] - click(findTestObject("Object Repository/Page_Sample Page  Katalon Shop/blockquote_Hi there Im a bike messenger by _996985")): Object: 'Object Repository/Page_Sample Page  Katalon Shop/blockquote_Hi there Im a bike messenger by _996985' is clicked on

2023-10-09 09:40:01 - [MESSAGE][PASSED] - Object: 'Object Repository/Page_Sample Page  Katalon Shop/blockquote_Hi there Im a bike messenger by _996985' is clicked on

2023-10-09 09:40:01 - [TEST_STEP][PASSED] - rightClick(findTestObject("Object Repository/Page_Sample Page  Katalon Shop/p_Hi there Im a bike messenger by day, aspi_ed905b")): Object: 'Object Repository/Page_Sample Page  Katalon Shop/p_Hi there Im a bike messenger by day, aspi_ed905b' is right clicked on

2023-10-09 09:40:02 - [MESSAGE][PASSED] - Object: 'Object Repository/Page_Sample Page  Katalon Shop/p_Hi there Im a bike messenger by day, aspi_ed905b' is right clicked on

2023-10-09 09:40:02 - [TEST_STEP][PASSED] - click(findTestObject("Object Repository/Page_Sample Page  Katalon Shop/p_This is an example page. Its different fr_b854e3")): Object: 'Object Repository/Page_Sample Page  Katalon Shop/p_This is an example page. Its different fr_b854e3' is clicked on

2023-10-09 09:40:02 - [MESSAGE][PASSED] - Object: 'Object Repository/Page_Sample Page  Katalon Shop/p_This is an example page. Its different fr_b854e3' is clicked on

2023-10-09 09:40:02 - [TEST_STEP][PASSED] - verifyElementText(findTestObject("Object Repository/Page_Sample Page  Katalon Shop/h1_Sample Page"), "Sample Page"): Actual text and expected text of test object 'Object Repository/Page_Sample Page  Katalon Shop/h1_Sample Page' are matched.

2023-10-09 09:40:02 - [MESSAGE][PASSED] - Actual text and expected text of test object 'Object Repository/Page_Sample Page  Katalon Shop/h1_Sample Page' are matched.

2023-10-09 09:40:02 - [TEST_STEP][PASSED] - closeBrowser(): Browser is closed

2023-10-09 09:40:03 - [MESSAGE][PASSED] - Browser is closed]]></system-out>
         <system-err><![CDATA[]]></system-err>
      </testcase>
      <testcase name="Test Cases/Test cases for getting katalon degree/test case 3" time="13.132" classname="Test Cases/Test cases for getting katalon degree/test case 3" status="PASSED">
         <system-out><![CDATA[2023-10-09 09:40:03 - [TEST_CASE][PASSED] - Test Cases/Test cases for getting katalon degree/test case 3: Test Cases/Test cases for getting katalon degree/test case 3

2023-10-09 09:40:03 - [TEST_STEP][PASSED] - openBrowser(""): Browser is opened with url: ''

2023-10-09 09:40:03 - [MESSAGE][INFO] - Starting 'Firefox' driver

2023-10-09 09:40:03 - [MESSAGE][INFO] - Action delay is set to 0 milliseconds

2023-10-09 09:40:06 - [MESSAGE][PASSED] - Browser is opened with url: ''

2023-10-09 09:40:06 - [TEST_STEP][PASSED] - navigateToUrl("https://cms.demo.katalon.com/"): Navigate to 'https://cms.demo.katalon.com/' successfully

2023-10-09 09:40:09 - [MESSAGE][PASSED] - Navigate to 'https://cms.demo.katalon.com/' successfully

2023-10-09 09:40:09 - [TEST_STEP][PASSED] - click(findTestObject("Object Repository/Page_Katalon Shop  Katalon Ecommerce/a_My account")): Object: 'Object Repository/Page_Katalon Shop  Katalon Ecommerce/a_My account' is clicked on

2023-10-09 09:40:10 - [MESSAGE][PASSED] - Object: 'Object Repository/Page_Katalon Shop  Katalon Ecommerce/a_My account' is clicked on

2023-10-09 09:40:10 - [TEST_STEP][PASSED] - verifyElementPresent(findTestObject("Object Repository/Page_My account  Katalon Shop/h2_Recent Posts"), 0): Object 'Object Repository/Page_My account  Katalon Shop/h2_Recent Posts' is present

2023-10-09 09:40:10 - [MESSAGE][WARNING] - Timeout '0' is invalid. Using default page load timeout: '30'

2023-10-09 09:40:11 - [MESSAGE][PASSED] - Object 'Object Repository/Page_My account  Katalon Shop/h2_Recent Posts' is present

2023-10-09 09:40:11 - [TEST_STEP][PASSED] - click(findTestObject("Object Repository/Page_My account  Katalon Shop/button_Log in")): Object: 'Object Repository/Page_My account  Katalon Shop/button_Log in' is clicked on

2023-10-09 09:40:12 - [MESSAGE][PASSED] - Object: 'Object Repository/Page_My account  Katalon Shop/button_Log in' is clicked on

2023-10-09 09:40:12 - [TEST_STEP][PASSED] - click(findTestObject("Object Repository/Page_My account  Katalon Shop/a_Sample Page")): Object: 'Object Repository/Page_My account  Katalon Shop/a_Sample Page' is clicked on

2023-10-09 09:40:13 - [MESSAGE][PASSED] - Object: 'Object Repository/Page_My account  Katalon Shop/a_Sample Page' is clicked on

2023-10-09 09:40:13 - [TEST_STEP][PASSED] - rightClick(findTestObject("Object Repository/Page_Sample Page  Katalon Shop/a_Checkout")): Object: 'Object Repository/Page_Sample Page  Katalon Shop/a_Checkout' is right clicked on

2023-10-09 09:40:14 - [MESSAGE][PASSED] - Object: 'Object Repository/Page_Sample Page  Katalon Shop/a_Checkout' is right clicked on

2023-10-09 09:40:14 - [TEST_STEP][PASSED] - click(findTestObject("Object Repository/Page_Sample Page  Katalon Shop/blockquote_Hi there Im a bike messenger by _996985")): Object: 'Object Repository/Page_Sample Page  Katalon Shop/blockquote_Hi there Im a bike messenger by _996985' is clicked on

2023-10-09 09:40:14 - [MESSAGE][PASSED] - Object: 'Object Repository/Page_Sample Page  Katalon Shop/blockquote_Hi there Im a bike messenger by _996985' is clicked on

2023-10-09 09:40:14 - [TEST_STEP][PASSED] - rightClick(findTestObject("Object Repository/Page_Sample Page  Katalon Shop/p_Hi there Im a bike messenger by day, aspi_ed905b")): Object: 'Object Repository/Page_Sample Page  Katalon Shop/p_Hi there Im a bike messenger by day, aspi_ed905b' is right clicked on

2023-10-09 09:40:15 - [MESSAGE][PASSED] - Object: 'Object Repository/Page_Sample Page  Katalon Shop/p_Hi there Im a bike messenger by day, aspi_ed905b' is right clicked on

2023-10-09 09:40:15 - [TEST_STEP][PASSED] - click(findTestObject("Object Repository/Page_Sample Page  Katalon Shop/p_This is an example page. Its different fr_b854e3")): Object: 'Object Repository/Page_Sample Page  Katalon Shop/p_This is an example page. Its different fr_b854e3' is clicked on

2023-10-09 09:40:15 - [MESSAGE][PASSED] - Object: 'Object Repository/Page_Sample Page  Katalon Shop/p_This is an example page. Its different fr_b854e3' is clicked on

2023-10-09 09:40:15 - [TEST_STEP][PASSED] - verifyElementText(findTestObject("Object Repository/Page_Sample Page  Katalon Shop/h1_Sample Page"), "Sample Page"): Actual text and expected text of test object 'Object Repository/Page_Sample Page  Katalon Shop/h1_Sample Page' are matched.

2023-10-09 09:40:15 - [MESSAGE][PASSED] - Actual text and expected text of test object 'Object Repository/Page_Sample Page  Katalon Shop/h1_Sample Page' are matched.

2023-10-09 09:40:15 - [TEST_STEP][PASSED] - closeBrowser(): Browser is closed

2023-10-09 09:40:16 - [MESSAGE][PASSED] - Browser is closed]]></system-out>
         <system-err><![CDATA[]]></system-err>
      </testcase>
      <testcase name="Test Cases/Test cases for getting katalon degree/test case 4" time="15.842" classname="Test Cases/Test cases for getting katalon degree/test case 4" status="PASSED">
         <system-out><![CDATA[2023-10-09 09:40:16 - [TEST_CASE][PASSED] - Test Cases/Test cases for getting katalon degree/test case 4: Test Cases/Test cases for getting katalon degree/test case 4

2023-10-09 09:40:17 - [TEST_STEP][PASSED] - openBrowser(""): Browser is opened with url: ''

2023-10-09 09:40:17 - [MESSAGE][INFO] - Starting 'Firefox' driver

2023-10-09 09:40:17 - [MESSAGE][INFO] - Action delay is set to 0 milliseconds

2023-10-09 09:40:20 - [MESSAGE][PASSED] - Browser is opened with url: ''

2023-10-09 09:40:20 - [TEST_STEP][PASSED] - navigateToUrl("https://cms.demo.katalon.com/"): Navigate to 'https://cms.demo.katalon.com/' successfully

2023-10-09 09:40:23 - [MESSAGE][PASSED] - Navigate to 'https://cms.demo.katalon.com/' successfully

2023-10-09 09:40:23 - [TEST_STEP][PASSED] - click(findTestObject("Object Repository/Page_Katalon Shop  Katalon Ecommerce/a_My account")): Object: 'Object Repository/Page_Katalon Shop  Katalon Ecommerce/a_My account' is clicked on

2023-10-09 09:40:26 - [MESSAGE][PASSED] - Object: 'Object Repository/Page_Katalon Shop  Katalon Ecommerce/a_My account' is clicked on

2023-10-09 09:40:26 - [TEST_STEP][PASSED] - verifyElementPresent(findTestObject("Object Repository/Page_My account  Katalon Shop/h2_Recent Posts"), 0): Object 'Object Repository/Page_My account  Katalon Shop/h2_Recent Posts' is present

2023-10-09 09:40:26 - [MESSAGE][WARNING] - Timeout '0' is invalid. Using default page load timeout: '30'

2023-10-09 09:40:26 - [MESSAGE][PASSED] - Object 'Object Repository/Page_My account  Katalon Shop/h2_Recent Posts' is present

2023-10-09 09:40:26 - [TEST_STEP][PASSED] - click(findTestObject("Object Repository/Page_My account  Katalon Shop/button_Log in")): Object: 'Object Repository/Page_My account  Katalon Shop/button_Log in' is clicked on

2023-10-09 09:40:27 - [MESSAGE][PASSED] - Object: 'Object Repository/Page_My account  Katalon Shop/button_Log in' is clicked on

2023-10-09 09:40:27 - [TEST_STEP][PASSED] - click(findTestObject("Object Repository/Page_My account  Katalon Shop/a_Sample Page")): Object: 'Object Repository/Page_My account  Katalon Shop/a_Sample Page' is clicked on

2023-10-09 09:40:29 - [MESSAGE][PASSED] - Object: 'Object Repository/Page_My account  Katalon Shop/a_Sample Page' is clicked on

2023-10-09 09:40:29 - [TEST_STEP][PASSED] - rightClick(findTestObject("Object Repository/Page_Sample Page  Katalon Shop/a_Checkout")): Object: 'Object Repository/Page_Sample Page  Katalon Shop/a_Checkout' is right clicked on

2023-10-09 09:40:30 - [MESSAGE][PASSED] - Object: 'Object Repository/Page_Sample Page  Katalon Shop/a_Checkout' is right clicked on

2023-10-09 09:40:30 - [TEST_STEP][PASSED] - click(findTestObject("Object Repository/Page_Sample Page  Katalon Shop/blockquote_Hi there Im a bike messenger by _996985")): Object: 'Object Repository/Page_Sample Page  Katalon Shop/blockquote_Hi there Im a bike messenger by _996985' is clicked on

2023-10-09 09:40:30 - [MESSAGE][PASSED] - Object: 'Object Repository/Page_Sample Page  Katalon Shop/blockquote_Hi there Im a bike messenger by _996985' is clicked on

2023-10-09 09:40:30 - [TEST_STEP][PASSED] - rightClick(findTestObject("Object Repository/Page_Sample Page  Katalon Shop/p_Hi there Im a bike messenger by day, aspi_ed905b")): Object: 'Object Repository/Page_Sample Page  Katalon Shop/p_Hi there Im a bike messenger by day, aspi_ed905b' is right clicked on

2023-10-09 09:40:31 - [MESSAGE][PASSED] - Object: 'Object Repository/Page_Sample Page  Katalon Shop/p_Hi there Im a bike messenger by day, aspi_ed905b' is right clicked on

2023-10-09 09:40:31 - [TEST_STEP][PASSED] - click(findTestObject("Object Repository/Page_Sample Page  Katalon Shop/p_This is an example page. Its different fr_b854e3")): Object: 'Object Repository/Page_Sample Page  Katalon Shop/p_This is an example page. Its different fr_b854e3' is clicked on

2023-10-09 09:40:31 - [MESSAGE][PASSED] - Object: 'Object Repository/Page_Sample Page  Katalon Shop/p_This is an example page. Its different fr_b854e3' is clicked on

2023-10-09 09:40:31 - [TEST_STEP][PASSED] - verifyElementText(findTestObject("Object Repository/Page_Sample Page  Katalon Shop/h1_Sample Page"), "Sample Page"): Actual text and expected text of test object 'Object Repository/Page_Sample Page  Katalon Shop/h1_Sample Page' are matched.

2023-10-09 09:40:31 - [MESSAGE][PASSED] - Actual text and expected text of test object 'Object Repository/Page_Sample Page  Katalon Shop/h1_Sample Page' are matched.

2023-10-09 09:40:31 - [TEST_STEP][PASSED] - closeBrowser(): Browser is closed

2023-10-09 09:40:32 - [MESSAGE][PASSED] - Browser is closed]]></system-out>
         <system-err><![CDATA[]]></system-err>
      </testcase>
      <testcase name="Test Cases/Test cases for getting katalon degree/test case 5" time="16.201" classname="Test Cases/Test cases for getting katalon degree/test case 5" status="PASSED">
         <system-out><![CDATA[2023-10-09 09:40:32 - [TEST_CASE][PASSED] - Test Cases/Test cases for getting katalon degree/test case 5: Test Cases/Test cases for getting katalon degree/test case 5

2023-10-09 09:40:32 - [TEST_STEP][PASSED] - openBrowser(""): Browser is opened with url: ''

2023-10-09 09:40:32 - [MESSAGE][INFO] - Starting 'Firefox' driver

2023-10-09 09:40:32 - [MESSAGE][INFO] - Action delay is set to 0 milliseconds

2023-10-09 09:40:35 - [MESSAGE][PASSED] - Browser is opened with url: ''

2023-10-09 09:40:35 - [TEST_STEP][PASSED] - navigateToUrl("https://cms.demo.katalon.com/"): Navigate to 'https://cms.demo.katalon.com/' successfully

2023-10-09 09:40:41 - [MESSAGE][PASSED] - Navigate to 'https://cms.demo.katalon.com/' successfully

2023-10-09 09:40:41 - [TEST_STEP][PASSED] - click(findTestObject("Object Repository/Page_Katalon Shop  Katalon Ecommerce/a_My account")): Object: 'Object Repository/Page_Katalon Shop  Katalon Ecommerce/a_My account' is clicked on

2023-10-09 09:40:43 - [MESSAGE][PASSED] - Object: 'Object Repository/Page_Katalon Shop  Katalon Ecommerce/a_My account' is clicked on

2023-10-09 09:40:43 - [TEST_STEP][PASSED] - verifyElementPresent(findTestObject("Object Repository/Page_My account  Katalon Shop/h2_Recent Posts"), 0): Object 'Object Repository/Page_My account  Katalon Shop/h2_Recent Posts' is present

2023-10-09 09:40:43 - [MESSAGE][WARNING] - Timeout '0' is invalid. Using default page load timeout: '30'

2023-10-09 09:40:43 - [MESSAGE][PASSED] - Object 'Object Repository/Page_My account  Katalon Shop/h2_Recent Posts' is present

2023-10-09 09:40:43 - [TEST_STEP][PASSED] - click(findTestObject("Object Repository/Page_My account  Katalon Shop/button_Log in")): Object: 'Object Repository/Page_My account  Katalon Shop/button_Log in' is clicked on

2023-10-09 09:40:44 - [MESSAGE][PASSED] - Object: 'Object Repository/Page_My account  Katalon Shop/button_Log in' is clicked on

2023-10-09 09:40:44 - [TEST_STEP][PASSED] - click(findTestObject("Object Repository/Page_My account  Katalon Shop/a_Sample Page")): Object: 'Object Repository/Page_My account  Katalon Shop/a_Sample Page' is clicked on

2023-10-09 09:40:45 - [MESSAGE][PASSED] - Object: 'Object Repository/Page_My account  Katalon Shop/a_Sample Page' is clicked on

2023-10-09 09:40:45 - [TEST_STEP][PASSED] - rightClick(findTestObject("Object Repository/Page_Sample Page  Katalon Shop/a_Checkout")): Object: 'Object Repository/Page_Sample Page  Katalon Shop/a_Checkout' is right clicked on

2023-10-09 09:40:46 - [MESSAGE][PASSED] - Object: 'Object Repository/Page_Sample Page  Katalon Shop/a_Checkout' is right clicked on

2023-10-09 09:40:46 - [TEST_STEP][PASSED] - click(findTestObject("Object Repository/Page_Sample Page  Katalon Shop/blockquote_Hi there Im a bike messenger by _996985")): Object: 'Object Repository/Page_Sample Page  Katalon Shop/blockquote_Hi there Im a bike messenger by _996985' is clicked on

2023-10-09 09:40:46 - [MESSAGE][PASSED] - Object: 'Object Repository/Page_Sample Page  Katalon Shop/blockquote_Hi there Im a bike messenger by _996985' is clicked on

2023-10-09 09:40:46 - [TEST_STEP][PASSED] - rightClick(findTestObject("Object Repository/Page_Sample Page  Katalon Shop/p_Hi there Im a bike messenger by day, aspi_ed905b")): Object: 'Object Repository/Page_Sample Page  Katalon Shop/p_Hi there Im a bike messenger by day, aspi_ed905b' is right clicked on

2023-10-09 09:40:47 - [MESSAGE][PASSED] - Object: 'Object Repository/Page_Sample Page  Katalon Shop/p_Hi there Im a bike messenger by day, aspi_ed905b' is right clicked on

2023-10-09 09:40:47 - [TEST_STEP][PASSED] - click(findTestObject("Object Repository/Page_Sample Page  Katalon Shop/p_This is an example page. Its different fr_b854e3")): Object: 'Object Repository/Page_Sample Page  Katalon Shop/p_This is an example page. Its different fr_b854e3' is clicked on

2023-10-09 09:40:47 - [MESSAGE][PASSED] - Object: 'Object Repository/Page_Sample Page  Katalon Shop/p_This is an example page. Its different fr_b854e3' is clicked on

2023-10-09 09:40:47 - [TEST_STEP][PASSED] - verifyElementText(findTestObject("Object Repository/Page_Sample Page  Katalon Shop/h1_Sample Page"), "Sample Page"): Actual text and expected text of test object 'Object Repository/Page_Sample Page  Katalon Shop/h1_Sample Page' are matched.

2023-10-09 09:40:48 - [MESSAGE][PASSED] - Actual text and expected text of test object 'Object Repository/Page_Sample Page  Katalon Shop/h1_Sample Page' are matched.

2023-10-09 09:40:48 - [TEST_STEP][PASSED] - closeBrowser(): Browser is closed

2023-10-09 09:40:48 - [MESSAGE][PASSED] - Browser is closed]]></system-out>
         <system-err><![CDATA[]]></system-err>
      </testcase>
      <system-out><![CDATA[2023-10-09 09:39:35 - [TEST_SUITE][PASSED] - Katalon certificate: Test Cases/Test cases for getting katalon degree/test case 5]]></system-out>
      <system-err><![CDATA[]]></system-err>
   </testsuite>
</testsuites>
