<?xml version="1.0" encoding="UTF-8"?>
<testsuites name="Katalon certificate" time="71.138" tests="5" failures="0" errors="0">
   <testsuite name="Katalon certificate" tests="5" failures="0" errors="0" time="71.138" skipped="0" timestamp="2023-10-09 09:41:43" hostname="leyssm1 - 5CG136D91W.iconos.be" id="Test Suites/Katalon certificate">
      <properties>
         <property name="deviceName" value=""/>
         <property name="devicePlatform" value=""/>
         <property name="logFolder" value="C:\\Users\\leyssm1\\git\\E-commerce\\Reports\\20231009_094136\\Katalon certificate\\20231009_094139"/>
         <property name="logFiles" value="C:\\Users\\leyssm1\\git\\E-commerce\\Reports\\20231009_094136\\Katalon certificate\\20231009_094139\\execution0.log"/>
         <property name="attachments" value=""/>
         <property name="hostName" value="leyssm1 - 5CG136D91W.iconos.be"/>
         <property name="os" value="Windows 11 64bit"/>
         <property name="katalonVersion" value="8.6.8.208"/>
         <property name="browser" value="Firefox 118.0"/>
         <property name="hostAddress" value="192.168.0.24"/>
         <property name="sessionId" value="f5cd1094-830b-42a5-98bb-44ac23ef76ec"/>
         <property name="seleniumVersion" value="3.141.59"/>
         <property name="proxyInformation" value="ProxyInformation { proxyOption=NO_PROXY, proxyServerType=HTTP, username=, password=********, proxyServerAddress=, proxyServerPort=0, executionList=&quot;&quot;, isApplyToDesiredCapabilities=true }"/>
         <property name="platform" value="Windows 11"/>
      </properties>
      <testcase name="Test Cases/Test cases for getting katalon degree/test case 1" time="15.198" classname="Test Cases/Test cases for getting katalon degree/test case 1" status="PASSED">
         <system-out><![CDATA[2023-10-09 09:41:44 - [TEST_CASE][PASSED] - Test Cases/Test cases for getting katalon degree/test case 1: Test Cases/Test cases for getting katalon degree/test case 1

2023-10-09 09:41:44 - [TEST_STEP][PASSED] - openBrowser(""): Browser is opened with url: ''

2023-10-09 09:41:44 - [MESSAGE][INFO] - Starting 'Firefox' driver

2023-10-09 09:41:44 - [MESSAGE][INFO] - Action delay is set to 0 milliseconds

2023-10-09 09:41:49 - [MESSAGE][PASSED] - Browser is opened with url: ''

2023-10-09 09:41:49 - [TEST_STEP][PASSED] - navigateToUrl("https://cms.demo.katalon.com/"): Navigate to 'https://cms.demo.katalon.com/' successfully

2023-10-09 09:41:51 - [MESSAGE][PASSED] - Navigate to 'https://cms.demo.katalon.com/' successfully

2023-10-09 09:41:51 - [TEST_STEP][PASSED] - click(findTestObject("Object Repository/Page_Katalon Shop  Katalon Ecommerce/a_My account")): Object: 'Object Repository/Page_Katalon Shop  Katalon Ecommerce/a_My account' is clicked on

2023-10-09 09:41:53 - [MESSAGE][PASSED] - Object: 'Object Repository/Page_Katalon Shop  Katalon Ecommerce/a_My account' is clicked on

2023-10-09 09:41:53 - [TEST_STEP][PASSED] - verifyElementPresent(findTestObject("Object Repository/Page_My account  Katalon Shop/h2_Recent Posts"), 0): Object 'Object Repository/Page_My account  Katalon Shop/h2_Recent Posts' is present

2023-10-09 09:41:53 - [MESSAGE][WARNING] - Timeout '0' is invalid. Using default page load timeout: '30'

2023-10-09 09:41:53 - [MESSAGE][PASSED] - Object 'Object Repository/Page_My account  Katalon Shop/h2_Recent Posts' is present

2023-10-09 09:41:53 - [TEST_STEP][PASSED] - click(findTestObject("Object Repository/Page_My account  Katalon Shop/button_Log in")): Object: 'Object Repository/Page_My account  Katalon Shop/button_Log in' is clicked on

2023-10-09 09:41:54 - [MESSAGE][PASSED] - Object: 'Object Repository/Page_My account  Katalon Shop/button_Log in' is clicked on

2023-10-09 09:41:54 - [TEST_STEP][PASSED] - click(findTestObject("Object Repository/Page_My account  Katalon Shop/a_Sample Page")): Object: 'Object Repository/Page_My account  Katalon Shop/a_Sample Page' is clicked on

2023-10-09 09:41:56 - [MESSAGE][PASSED] - Object: 'Object Repository/Page_My account  Katalon Shop/a_Sample Page' is clicked on

2023-10-09 09:41:56 - [TEST_STEP][PASSED] - rightClick(findTestObject("Object Repository/Page_Sample Page  Katalon Shop/a_Checkout")): Object: 'Object Repository/Page_Sample Page  Katalon Shop/a_Checkout' is right clicked on

2023-10-09 09:41:56 - [MESSAGE][PASSED] - Object: 'Object Repository/Page_Sample Page  Katalon Shop/a_Checkout' is right clicked on

2023-10-09 09:41:56 - [TEST_STEP][PASSED] - click(findTestObject("Object Repository/Page_Sample Page  Katalon Shop/blockquote_Hi there Im a bike messenger by _996985")): Object: 'Object Repository/Page_Sample Page  Katalon Shop/blockquote_Hi there Im a bike messenger by _996985' is clicked on

2023-10-09 09:41:57 - [MESSAGE][PASSED] - Object: 'Object Repository/Page_Sample Page  Katalon Shop/blockquote_Hi there Im a bike messenger by _996985' is clicked on

2023-10-09 09:41:57 - [TEST_STEP][PASSED] - rightClick(findTestObject("Object Repository/Page_Sample Page  Katalon Shop/p_Hi there Im a bike messenger by day, aspi_ed905b")): Object: 'Object Repository/Page_Sample Page  Katalon Shop/p_Hi there Im a bike messenger by day, aspi_ed905b' is right clicked on

2023-10-09 09:41:57 - [MESSAGE][PASSED] - Object: 'Object Repository/Page_Sample Page  Katalon Shop/p_Hi there Im a bike messenger by day, aspi_ed905b' is right clicked on

2023-10-09 09:41:57 - [TEST_STEP][PASSED] - click(findTestObject("Object Repository/Page_Sample Page  Katalon Shop/p_This is an example page. Its different fr_b854e3")): Object: 'Object Repository/Page_Sample Page  Katalon Shop/p_This is an example page. Its different fr_b854e3' is clicked on

2023-10-09 09:41:58 - [MESSAGE][PASSED] - Object: 'Object Repository/Page_Sample Page  Katalon Shop/p_This is an example page. Its different fr_b854e3' is clicked on

2023-10-09 09:41:58 - [TEST_STEP][PASSED] - verifyElementText(findTestObject("Object Repository/Page_Sample Page  Katalon Shop/h1_Sample Page"), "Sample Page"): Actual text and expected text of test object 'Object Repository/Page_Sample Page  Katalon Shop/h1_Sample Page' are matched.

2023-10-09 09:41:58 - [MESSAGE][PASSED] - Actual text and expected text of test object 'Object Repository/Page_Sample Page  Katalon Shop/h1_Sample Page' are matched.

2023-10-09 09:41:58 - [TEST_STEP][PASSED] - closeBrowser(): Browser is closed

2023-10-09 09:41:59 - [MESSAGE][PASSED] - Browser is closed]]></system-out>
         <system-err><![CDATA[]]></system-err>
      </testcase>
      <testcase name="Test Cases/Test cases for getting katalon degree/Test case 2" time="13.632" classname="Test Cases/Test cases for getting katalon degree/Test case 2" status="PASSED">
         <system-out><![CDATA[2023-10-09 09:41:59 - [TEST_CASE][PASSED] - Test Cases/Test cases for getting katalon degree/Test case 2: Test Cases/Test cases for getting katalon degree/Test case 2

2023-10-09 09:41:59 - [TEST_STEP][PASSED] - openBrowser(""): Browser is opened with url: ''

2023-10-09 09:41:59 - [MESSAGE][INFO] - Starting 'Firefox' driver

2023-10-09 09:41:59 - [MESSAGE][INFO] - Action delay is set to 0 milliseconds

2023-10-09 09:42:02 - [MESSAGE][PASSED] - Browser is opened with url: ''

2023-10-09 09:42:02 - [TEST_STEP][PASSED] - navigateToUrl("https://cms.demo.katalon.com/"): Navigate to 'https://cms.demo.katalon.com/' successfully

2023-10-09 09:42:05 - [MESSAGE][PASSED] - Navigate to 'https://cms.demo.katalon.com/' successfully

2023-10-09 09:42:05 - [TEST_STEP][PASSED] - click(findTestObject("Object Repository/Page_Katalon Shop  Katalon Ecommerce/a_My account")): Object: 'Object Repository/Page_Katalon Shop  Katalon Ecommerce/a_My account' is clicked on

2023-10-09 09:42:06 - [MESSAGE][PASSED] - Object: 'Object Repository/Page_Katalon Shop  Katalon Ecommerce/a_My account' is clicked on

2023-10-09 09:42:06 - [TEST_STEP][PASSED] - verifyElementPresent(findTestObject("Object Repository/Page_My account  Katalon Shop/h2_Recent Posts"), 0): Object 'Object Repository/Page_My account  Katalon Shop/h2_Recent Posts' is present

2023-10-09 09:42:06 - [MESSAGE][WARNING] - Timeout '0' is invalid. Using default page load timeout: '30'

2023-10-09 09:42:06 - [MESSAGE][PASSED] - Object 'Object Repository/Page_My account  Katalon Shop/h2_Recent Posts' is present

2023-10-09 09:42:06 - [TEST_STEP][PASSED] - click(findTestObject("Object Repository/Page_My account  Katalon Shop/button_Log in")): Object: 'Object Repository/Page_My account  Katalon Shop/button_Log in' is clicked on

2023-10-09 09:42:08 - [MESSAGE][PASSED] - Object: 'Object Repository/Page_My account  Katalon Shop/button_Log in' is clicked on

2023-10-09 09:42:08 - [TEST_STEP][PASSED] - click(findTestObject("Object Repository/Page_My account  Katalon Shop/a_Sample Page")): Object: 'Object Repository/Page_My account  Katalon Shop/a_Sample Page' is clicked on

2023-10-09 09:42:09 - [MESSAGE][PASSED] - Object: 'Object Repository/Page_My account  Katalon Shop/a_Sample Page' is clicked on

2023-10-09 09:42:09 - [TEST_STEP][PASSED] - rightClick(findTestObject("Object Repository/Page_Sample Page  Katalon Shop/a_Checkout")): Object: 'Object Repository/Page_Sample Page  Katalon Shop/a_Checkout' is right clicked on

2023-10-09 09:42:09 - [MESSAGE][PASSED] - Object: 'Object Repository/Page_Sample Page  Katalon Shop/a_Checkout' is right clicked on

2023-10-09 09:42:09 - [TEST_STEP][PASSED] - click(findTestObject("Object Repository/Page_Sample Page  Katalon Shop/blockquote_Hi there Im a bike messenger by _996985")): Object: 'Object Repository/Page_Sample Page  Katalon Shop/blockquote_Hi there Im a bike messenger by _996985' is clicked on

2023-10-09 09:42:10 - [MESSAGE][PASSED] - Object: 'Object Repository/Page_Sample Page  Katalon Shop/blockquote_Hi there Im a bike messenger by _996985' is clicked on

2023-10-09 09:42:10 - [TEST_STEP][PASSED] - rightClick(findTestObject("Object Repository/Page_Sample Page  Katalon Shop/p_Hi there Im a bike messenger by day, aspi_ed905b")): Object: 'Object Repository/Page_Sample Page  Katalon Shop/p_Hi there Im a bike messenger by day, aspi_ed905b' is right clicked on

2023-10-09 09:42:11 - [MESSAGE][PASSED] - Object: 'Object Repository/Page_Sample Page  Katalon Shop/p_Hi there Im a bike messenger by day, aspi_ed905b' is right clicked on

2023-10-09 09:42:11 - [TEST_STEP][PASSED] - click(findTestObject("Object Repository/Page_Sample Page  Katalon Shop/p_This is an example page. Its different fr_b854e3")): Object: 'Object Repository/Page_Sample Page  Katalon Shop/p_This is an example page. Its different fr_b854e3' is clicked on

2023-10-09 09:42:11 - [MESSAGE][PASSED] - Object: 'Object Repository/Page_Sample Page  Katalon Shop/p_This is an example page. Its different fr_b854e3' is clicked on

2023-10-09 09:42:11 - [TEST_STEP][PASSED] - verifyElementText(findTestObject("Object Repository/Page_Sample Page  Katalon Shop/h1_Sample Page"), "Sample Page"): Actual text and expected text of test object 'Object Repository/Page_Sample Page  Katalon Shop/h1_Sample Page' are matched.

2023-10-09 09:42:11 - [MESSAGE][PASSED] - Actual text and expected text of test object 'Object Repository/Page_Sample Page  Katalon Shop/h1_Sample Page' are matched.

2023-10-09 09:42:11 - [TEST_STEP][PASSED] - closeBrowser(): Browser is closed

2023-10-09 09:42:13 - [MESSAGE][PASSED] - Browser is closed]]></system-out>
         <system-err><![CDATA[]]></system-err>
      </testcase>
      <testcase name="Test Cases/Test cases for getting katalon degree/test case 3" time="13.861" classname="Test Cases/Test cases for getting katalon degree/test case 3" status="PASSED">
         <system-out><![CDATA[2023-10-09 09:42:13 - [TEST_CASE][PASSED] - Test Cases/Test cases for getting katalon degree/test case 3: Test Cases/Test cases for getting katalon degree/test case 3

2023-10-09 09:42:13 - [TEST_STEP][PASSED] - openBrowser(""): Browser is opened with url: ''

2023-10-09 09:42:13 - [MESSAGE][INFO] - Starting 'Firefox' driver

2023-10-09 09:42:13 - [MESSAGE][INFO] - Action delay is set to 0 milliseconds

2023-10-09 09:42:16 - [MESSAGE][PASSED] - Browser is opened with url: ''

2023-10-09 09:42:16 - [TEST_STEP][PASSED] - navigateToUrl("https://cms.demo.katalon.com/"): Navigate to 'https://cms.demo.katalon.com/' successfully

2023-10-09 09:42:19 - [MESSAGE][PASSED] - Navigate to 'https://cms.demo.katalon.com/' successfully

2023-10-09 09:42:19 - [TEST_STEP][PASSED] - click(findTestObject("Object Repository/Page_Katalon Shop  Katalon Ecommerce/a_My account")): Object: 'Object Repository/Page_Katalon Shop  Katalon Ecommerce/a_My account' is clicked on

2023-10-09 09:42:20 - [MESSAGE][PASSED] - Object: 'Object Repository/Page_Katalon Shop  Katalon Ecommerce/a_My account' is clicked on

2023-10-09 09:42:20 - [TEST_STEP][PASSED] - verifyElementPresent(findTestObject("Object Repository/Page_My account  Katalon Shop/h2_Recent Posts"), 0): Object 'Object Repository/Page_My account  Katalon Shop/h2_Recent Posts' is present

2023-10-09 09:42:20 - [MESSAGE][WARNING] - Timeout '0' is invalid. Using default page load timeout: '30'

2023-10-09 09:42:21 - [MESSAGE][PASSED] - Object 'Object Repository/Page_My account  Katalon Shop/h2_Recent Posts' is present

2023-10-09 09:42:21 - [TEST_STEP][PASSED] - click(findTestObject("Object Repository/Page_My account  Katalon Shop/button_Log in")): Object: 'Object Repository/Page_My account  Katalon Shop/button_Log in' is clicked on

2023-10-09 09:42:22 - [MESSAGE][PASSED] - Object: 'Object Repository/Page_My account  Katalon Shop/button_Log in' is clicked on

2023-10-09 09:42:22 - [TEST_STEP][PASSED] - click(findTestObject("Object Repository/Page_My account  Katalon Shop/a_Sample Page")): Object: 'Object Repository/Page_My account  Katalon Shop/a_Sample Page' is clicked on

2023-10-09 09:42:23 - [MESSAGE][PASSED] - Object: 'Object Repository/Page_My account  Katalon Shop/a_Sample Page' is clicked on

2023-10-09 09:42:23 - [TEST_STEP][PASSED] - rightClick(findTestObject("Object Repository/Page_Sample Page  Katalon Shop/a_Checkout")): Object: 'Object Repository/Page_Sample Page  Katalon Shop/a_Checkout' is right clicked on

2023-10-09 09:42:23 - [MESSAGE][PASSED] - Object: 'Object Repository/Page_Sample Page  Katalon Shop/a_Checkout' is right clicked on

2023-10-09 09:42:23 - [TEST_STEP][PASSED] - click(findTestObject("Object Repository/Page_Sample Page  Katalon Shop/blockquote_Hi there Im a bike messenger by _996985")): Object: 'Object Repository/Page_Sample Page  Katalon Shop/blockquote_Hi there Im a bike messenger by _996985' is clicked on

2023-10-09 09:42:24 - [MESSAGE][PASSED] - Object: 'Object Repository/Page_Sample Page  Katalon Shop/blockquote_Hi there Im a bike messenger by _996985' is clicked on

2023-10-09 09:42:24 - [TEST_STEP][PASSED] - rightClick(findTestObject("Object Repository/Page_Sample Page  Katalon Shop/p_Hi there Im a bike messenger by day, aspi_ed905b")): Object: 'Object Repository/Page_Sample Page  Katalon Shop/p_Hi there Im a bike messenger by day, aspi_ed905b' is right clicked on

2023-10-09 09:42:25 - [MESSAGE][PASSED] - Object: 'Object Repository/Page_Sample Page  Katalon Shop/p_Hi there Im a bike messenger by day, aspi_ed905b' is right clicked on

2023-10-09 09:42:25 - [TEST_STEP][PASSED] - click(findTestObject("Object Repository/Page_Sample Page  Katalon Shop/p_This is an example page. Its different fr_b854e3")): Object: 'Object Repository/Page_Sample Page  Katalon Shop/p_This is an example page. Its different fr_b854e3' is clicked on

2023-10-09 09:42:25 - [MESSAGE][PASSED] - Object: 'Object Repository/Page_Sample Page  Katalon Shop/p_This is an example page. Its different fr_b854e3' is clicked on

2023-10-09 09:42:25 - [TEST_STEP][PASSED] - verifyElementText(findTestObject("Object Repository/Page_Sample Page  Katalon Shop/h1_Sample Page"), "Sample Page"): Actual text and expected text of test object 'Object Repository/Page_Sample Page  Katalon Shop/h1_Sample Page' are matched.

2023-10-09 09:42:25 - [MESSAGE][PASSED] - Actual text and expected text of test object 'Object Repository/Page_Sample Page  Katalon Shop/h1_Sample Page' are matched.

2023-10-09 09:42:25 - [TEST_STEP][PASSED] - closeBrowser(): Browser is closed

2023-10-09 09:42:26 - [MESSAGE][PASSED] - Browser is closed]]></system-out>
         <system-err><![CDATA[]]></system-err>
      </testcase>
      <testcase name="Test Cases/Test cases for getting katalon degree/test case 4" time="13.675" classname="Test Cases/Test cases for getting katalon degree/test case 4" status="PASSED">
         <system-out><![CDATA[2023-10-09 09:42:26 - [TEST_CASE][PASSED] - Test Cases/Test cases for getting katalon degree/test case 4: Test Cases/Test cases for getting katalon degree/test case 4

2023-10-09 09:42:26 - [TEST_STEP][PASSED] - openBrowser(""): Browser is opened with url: ''

2023-10-09 09:42:26 - [MESSAGE][INFO] - Starting 'Firefox' driver

2023-10-09 09:42:26 - [MESSAGE][INFO] - Action delay is set to 0 milliseconds

2023-10-09 09:42:30 - [MESSAGE][PASSED] - Browser is opened with url: ''

2023-10-09 09:42:30 - [TEST_STEP][PASSED] - navigateToUrl("https://cms.demo.katalon.com/"): Navigate to 'https://cms.demo.katalon.com/' successfully

2023-10-09 09:42:32 - [MESSAGE][PASSED] - Navigate to 'https://cms.demo.katalon.com/' successfully

2023-10-09 09:42:32 - [TEST_STEP][PASSED] - click(findTestObject("Object Repository/Page_Katalon Shop  Katalon Ecommerce/a_My account")): Object: 'Object Repository/Page_Katalon Shop  Katalon Ecommerce/a_My account' is clicked on

2023-10-09 09:42:34 - [MESSAGE][PASSED] - Object: 'Object Repository/Page_Katalon Shop  Katalon Ecommerce/a_My account' is clicked on

2023-10-09 09:42:34 - [TEST_STEP][PASSED] - verifyElementPresent(findTestObject("Object Repository/Page_My account  Katalon Shop/h2_Recent Posts"), 0): Object 'Object Repository/Page_My account  Katalon Shop/h2_Recent Posts' is present

2023-10-09 09:42:34 - [MESSAGE][WARNING] - Timeout '0' is invalid. Using default page load timeout: '30'

2023-10-09 09:42:34 - [MESSAGE][PASSED] - Object 'Object Repository/Page_My account  Katalon Shop/h2_Recent Posts' is present

2023-10-09 09:42:34 - [TEST_STEP][PASSED] - click(findTestObject("Object Repository/Page_My account  Katalon Shop/button_Log in")): Object: 'Object Repository/Page_My account  Katalon Shop/button_Log in' is clicked on

2023-10-09 09:42:35 - [MESSAGE][PASSED] - Object: 'Object Repository/Page_My account  Katalon Shop/button_Log in' is clicked on

2023-10-09 09:42:35 - [TEST_STEP][PASSED] - click(findTestObject("Object Repository/Page_My account  Katalon Shop/a_Sample Page")): Object: 'Object Repository/Page_My account  Katalon Shop/a_Sample Page' is clicked on

2023-10-09 09:42:37 - [MESSAGE][PASSED] - Object: 'Object Repository/Page_My account  Katalon Shop/a_Sample Page' is clicked on

2023-10-09 09:42:37 - [TEST_STEP][PASSED] - rightClick(findTestObject("Object Repository/Page_Sample Page  Katalon Shop/a_Checkout")): Object: 'Object Repository/Page_Sample Page  Katalon Shop/a_Checkout' is right clicked on

2023-10-09 09:42:37 - [MESSAGE][PASSED] - Object: 'Object Repository/Page_Sample Page  Katalon Shop/a_Checkout' is right clicked on

2023-10-09 09:42:37 - [TEST_STEP][PASSED] - click(findTestObject("Object Repository/Page_Sample Page  Katalon Shop/blockquote_Hi there Im a bike messenger by _996985")): Object: 'Object Repository/Page_Sample Page  Katalon Shop/blockquote_Hi there Im a bike messenger by _996985' is clicked on

2023-10-09 09:42:38 - [MESSAGE][PASSED] - Object: 'Object Repository/Page_Sample Page  Katalon Shop/blockquote_Hi there Im a bike messenger by _996985' is clicked on

2023-10-09 09:42:38 - [TEST_STEP][PASSED] - rightClick(findTestObject("Object Repository/Page_Sample Page  Katalon Shop/p_Hi there Im a bike messenger by day, aspi_ed905b")): Object: 'Object Repository/Page_Sample Page  Katalon Shop/p_Hi there Im a bike messenger by day, aspi_ed905b' is right clicked on

2023-10-09 09:42:38 - [MESSAGE][PASSED] - Object: 'Object Repository/Page_Sample Page  Katalon Shop/p_Hi there Im a bike messenger by day, aspi_ed905b' is right clicked on

2023-10-09 09:42:38 - [TEST_STEP][PASSED] - click(findTestObject("Object Repository/Page_Sample Page  Katalon Shop/p_This is an example page. Its different fr_b854e3")): Object: 'Object Repository/Page_Sample Page  Katalon Shop/p_This is an example page. Its different fr_b854e3' is clicked on

2023-10-09 09:42:39 - [MESSAGE][PASSED] - Object: 'Object Repository/Page_Sample Page  Katalon Shop/p_This is an example page. Its different fr_b854e3' is clicked on

2023-10-09 09:42:39 - [TEST_STEP][PASSED] - verifyElementText(findTestObject("Object Repository/Page_Sample Page  Katalon Shop/h1_Sample Page"), "Sample Page"): Actual text and expected text of test object 'Object Repository/Page_Sample Page  Katalon Shop/h1_Sample Page' are matched.

2023-10-09 09:42:39 - [MESSAGE][PASSED] - Actual text and expected text of test object 'Object Repository/Page_Sample Page  Katalon Shop/h1_Sample Page' are matched.

2023-10-09 09:42:39 - [TEST_STEP][PASSED] - closeBrowser(): Browser is closed

2023-10-09 09:42:40 - [MESSAGE][PASSED] - Browser is closed]]></system-out>
         <system-err><![CDATA[]]></system-err>
      </testcase>
      <testcase name="Test Cases/Test cases for getting katalon degree/test case 5" time="14.585" classname="Test Cases/Test cases for getting katalon degree/test case 5" status="PASSED">
         <system-out><![CDATA[2023-10-09 09:42:40 - [TEST_CASE][PASSED] - Test Cases/Test cases for getting katalon degree/test case 5: Test Cases/Test cases for getting katalon degree/test case 5

2023-10-09 09:42:40 - [TEST_STEP][PASSED] - openBrowser(""): Browser is opened with url: ''

2023-10-09 09:42:40 - [MESSAGE][INFO] - Starting 'Firefox' driver

2023-10-09 09:42:40 - [MESSAGE][INFO] - Action delay is set to 0 milliseconds

2023-10-09 09:42:43 - [MESSAGE][PASSED] - Browser is opened with url: ''

2023-10-09 09:42:43 - [TEST_STEP][PASSED] - navigateToUrl("https://cms.demo.katalon.com/"): Navigate to 'https://cms.demo.katalon.com/' successfully

2023-10-09 09:42:46 - [MESSAGE][PASSED] - Navigate to 'https://cms.demo.katalon.com/' successfully

2023-10-09 09:42:46 - [TEST_STEP][PASSED] - click(findTestObject("Object Repository/Page_Katalon Shop  Katalon Ecommerce/a_My account")): Object: 'Object Repository/Page_Katalon Shop  Katalon Ecommerce/a_My account' is clicked on

2023-10-09 09:42:48 - [MESSAGE][PASSED] - Object: 'Object Repository/Page_Katalon Shop  Katalon Ecommerce/a_My account' is clicked on

2023-10-09 09:42:48 - [TEST_STEP][PASSED] - verifyElementPresent(findTestObject("Object Repository/Page_My account  Katalon Shop/h2_Recent Posts"), 0): Object 'Object Repository/Page_My account  Katalon Shop/h2_Recent Posts' is present

2023-10-09 09:42:48 - [MESSAGE][WARNING] - Timeout '0' is invalid. Using default page load timeout: '30'

2023-10-09 09:42:49 - [MESSAGE][PASSED] - Object 'Object Repository/Page_My account  Katalon Shop/h2_Recent Posts' is present

2023-10-09 09:42:49 - [TEST_STEP][PASSED] - click(findTestObject("Object Repository/Page_My account  Katalon Shop/button_Log in")): Object: 'Object Repository/Page_My account  Katalon Shop/button_Log in' is clicked on

2023-10-09 09:42:50 - [MESSAGE][PASSED] - Object: 'Object Repository/Page_My account  Katalon Shop/button_Log in' is clicked on

2023-10-09 09:42:50 - [TEST_STEP][PASSED] - click(findTestObject("Object Repository/Page_My account  Katalon Shop/a_Sample Page")): Object: 'Object Repository/Page_My account  Katalon Shop/a_Sample Page' is clicked on

2023-10-09 09:42:51 - [MESSAGE][PASSED] - Object: 'Object Repository/Page_My account  Katalon Shop/a_Sample Page' is clicked on

2023-10-09 09:42:51 - [TEST_STEP][PASSED] - rightClick(findTestObject("Object Repository/Page_Sample Page  Katalon Shop/a_Checkout")): Object: 'Object Repository/Page_Sample Page  Katalon Shop/a_Checkout' is right clicked on

2023-10-09 09:42:52 - [MESSAGE][PASSED] - Object: 'Object Repository/Page_Sample Page  Katalon Shop/a_Checkout' is right clicked on

2023-10-09 09:42:52 - [TEST_STEP][PASSED] - click(findTestObject("Object Repository/Page_Sample Page  Katalon Shop/blockquote_Hi there Im a bike messenger by _996985")): Object: 'Object Repository/Page_Sample Page  Katalon Shop/blockquote_Hi there Im a bike messenger by _996985' is clicked on

2023-10-09 09:42:53 - [MESSAGE][PASSED] - Object: 'Object Repository/Page_Sample Page  Katalon Shop/blockquote_Hi there Im a bike messenger by _996985' is clicked on

2023-10-09 09:42:53 - [TEST_STEP][PASSED] - rightClick(findTestObject("Object Repository/Page_Sample Page  Katalon Shop/p_Hi there Im a bike messenger by day, aspi_ed905b")): Object: 'Object Repository/Page_Sample Page  Katalon Shop/p_Hi there Im a bike messenger by day, aspi_ed905b' is right clicked on

2023-10-09 09:42:53 - [MESSAGE][PASSED] - Object: 'Object Repository/Page_Sample Page  Katalon Shop/p_Hi there Im a bike messenger by day, aspi_ed905b' is right clicked on

2023-10-09 09:42:53 - [TEST_STEP][PASSED] - click(findTestObject("Object Repository/Page_Sample Page  Katalon Shop/p_This is an example page. Its different fr_b854e3")): Object: 'Object Repository/Page_Sample Page  Katalon Shop/p_This is an example page. Its different fr_b854e3' is clicked on

2023-10-09 09:42:53 - [MESSAGE][PASSED] - Object: 'Object Repository/Page_Sample Page  Katalon Shop/p_This is an example page. Its different fr_b854e3' is clicked on

2023-10-09 09:42:53 - [TEST_STEP][PASSED] - verifyElementText(findTestObject("Object Repository/Page_Sample Page  Katalon Shop/h1_Sample Page"), "Sample Page"): Actual text and expected text of test object 'Object Repository/Page_Sample Page  Katalon Shop/h1_Sample Page' are matched.

2023-10-09 09:42:54 - [MESSAGE][PASSED] - Actual text and expected text of test object 'Object Repository/Page_Sample Page  Katalon Shop/h1_Sample Page' are matched.

2023-10-09 09:42:54 - [TEST_STEP][PASSED] - closeBrowser(): Browser is closed

2023-10-09 09:42:55 - [MESSAGE][PASSED] - Browser is closed]]></system-out>
         <system-err><![CDATA[]]></system-err>
      </testcase>
      <system-out><![CDATA[2023-10-09 09:41:43 - [TEST_SUITE][PASSED] - Katalon certificate: Test Cases/Test cases for getting katalon degree/test case 5]]></system-out>
      <system-err><![CDATA[]]></system-err>
   </testsuite>
</testsuites>
