<?xml version="1.0" encoding="UTF-8"?>
<testsuites name="Katalon certificate" time="68.174" tests="5" failures="0" errors="0">
   <testsuite name="Katalon certificate" tests="5" failures="0" errors="0" time="68.174" skipped="0" timestamp="2023-10-09 09:45:41" hostname="leyssm1 - 5CG136D91W.iconos.be" id="Test Suites/Katalon certificate">
      <properties>
         <property name="deviceName" value=""/>
         <property name="devicePlatform" value=""/>
         <property name="logFolder" value="C:\\Users\\leyssm1\\git\\E-commerce\\Reports\\20231009_094451\\Katalon certificate\\20231009_094454"/>
         <property name="logFiles" value="C:\\Users\\leyssm1\\git\\E-commerce\\Reports\\20231009_094451\\Katalon certificate\\20231009_094454\\execution0.log"/>
         <property name="attachments" value=""/>
         <property name="hostName" value="leyssm1 - 5CG136D91W.iconos.be"/>
         <property name="os" value="Windows 11 64bit"/>
         <property name="katalonVersion" value="8.6.8.208"/>
         <property name="browser" value="Firefox 118.0"/>
         <property name="hostAddress" value="192.168.0.24"/>
         <property name="sessionId" value="27526dc2-b04d-4052-aa6b-359a2b576981"/>
         <property name="seleniumVersion" value="3.141.59"/>
         <property name="proxyInformation" value="ProxyInformation { proxyOption=NO_PROXY, proxyServerType=HTTP, username=, password=********, proxyServerAddress=, proxyServerPort=0, executionList=&quot;&quot;, isApplyToDesiredCapabilities=true }"/>
         <property name="platform" value="Windows 11"/>
      </properties>
      <testcase name="Test Cases/Test cases for getting katalon degree/test case 1" time="14.294" classname="Test Cases/Test cases for getting katalon degree/test case 1" status="PASSED">
         <system-out><![CDATA[2023-10-09 09:45:41 - [TEST_CASE][PASSED] - Test Cases/Test cases for getting katalon degree/test case 1: Test Cases/Test cases for getting katalon degree/test case 1

2023-10-09 09:45:41 - [TEST_STEP][PASSED] - openBrowser(""): Browser is opened with url: ''

2023-10-09 09:45:41 - [MESSAGE][INFO] - Starting 'Firefox' driver

2023-10-09 09:45:42 - [MESSAGE][INFO] - Action delay is set to 0 milliseconds

2023-10-09 09:45:45 - [MESSAGE][PASSED] - Browser is opened with url: ''

2023-10-09 09:45:45 - [TEST_STEP][PASSED] - navigateToUrl("https://cms.demo.katalon.com/"): Navigate to 'https://cms.demo.katalon.com/' successfully

2023-10-09 09:45:48 - [MESSAGE][PASSED] - Navigate to 'https://cms.demo.katalon.com/' successfully

2023-10-09 09:45:48 - [TEST_STEP][PASSED] - click(findTestObject("Object Repository/Page_Katalon Shop  Katalon Ecommerce/a_My account")): Object: 'Object Repository/Page_Katalon Shop  Katalon Ecommerce/a_My account' is clicked on

2023-10-09 09:45:49 - [MESSAGE][PASSED] - Object: 'Object Repository/Page_Katalon Shop  Katalon Ecommerce/a_My account' is clicked on

2023-10-09 09:45:49 - [TEST_STEP][PASSED] - verifyElementPresent(findTestObject("Object Repository/Page_My account  Katalon Shop/h2_Recent Posts"), 0): Object 'Object Repository/Page_My account  Katalon Shop/h2_Recent Posts' is present

2023-10-09 09:45:49 - [MESSAGE][WARNING] - Timeout '0' is invalid. Using default page load timeout: '30'

2023-10-09 09:45:50 - [MESSAGE][PASSED] - Object 'Object Repository/Page_My account  Katalon Shop/h2_Recent Posts' is present

2023-10-09 09:45:50 - [TEST_STEP][PASSED] - click(findTestObject("Object Repository/Page_My account  Katalon Shop/button_Log in")): Object: 'Object Repository/Page_My account  Katalon Shop/button_Log in' is clicked on

2023-10-09 09:45:51 - [MESSAGE][PASSED] - Object: 'Object Repository/Page_My account  Katalon Shop/button_Log in' is clicked on

2023-10-09 09:45:51 - [TEST_STEP][PASSED] - click(findTestObject("Object Repository/Page_My account  Katalon Shop/a_Sample Page")): Object: 'Object Repository/Page_My account  Katalon Shop/a_Sample Page' is clicked on

2023-10-09 09:45:52 - [MESSAGE][PASSED] - Object: 'Object Repository/Page_My account  Katalon Shop/a_Sample Page' is clicked on

2023-10-09 09:45:52 - [TEST_STEP][PASSED] - rightClick(findTestObject("Object Repository/Page_Sample Page  Katalon Shop/a_Checkout")): Object: 'Object Repository/Page_Sample Page  Katalon Shop/a_Checkout' is right clicked on

2023-10-09 09:45:53 - [MESSAGE][PASSED] - Object: 'Object Repository/Page_Sample Page  Katalon Shop/a_Checkout' is right clicked on

2023-10-09 09:45:53 - [TEST_STEP][PASSED] - click(findTestObject("Object Repository/Page_Sample Page  Katalon Shop/blockquote_Hi there Im a bike messenger by _996985")): Object: 'Object Repository/Page_Sample Page  Katalon Shop/blockquote_Hi there Im a bike messenger by _996985' is clicked on

2023-10-09 09:45:53 - [MESSAGE][PASSED] - Object: 'Object Repository/Page_Sample Page  Katalon Shop/blockquote_Hi there Im a bike messenger by _996985' is clicked on

2023-10-09 09:45:53 - [TEST_STEP][PASSED] - rightClick(findTestObject("Object Repository/Page_Sample Page  Katalon Shop/p_Hi there Im a bike messenger by day, aspi_ed905b")): Object: 'Object Repository/Page_Sample Page  Katalon Shop/p_Hi there Im a bike messenger by day, aspi_ed905b' is right clicked on

2023-10-09 09:45:54 - [MESSAGE][PASSED] - Object: 'Object Repository/Page_Sample Page  Katalon Shop/p_Hi there Im a bike messenger by day, aspi_ed905b' is right clicked on

2023-10-09 09:45:54 - [TEST_STEP][PASSED] - click(findTestObject("Object Repository/Page_Sample Page  Katalon Shop/p_This is an example page. Its different fr_b854e3")): Object: 'Object Repository/Page_Sample Page  Katalon Shop/p_This is an example page. Its different fr_b854e3' is clicked on

2023-10-09 09:45:54 - [MESSAGE][PASSED] - Object: 'Object Repository/Page_Sample Page  Katalon Shop/p_This is an example page. Its different fr_b854e3' is clicked on

2023-10-09 09:45:54 - [TEST_STEP][PASSED] - verifyElementText(findTestObject("Object Repository/Page_Sample Page  Katalon Shop/h1_Sample Page"), "Sample Page"): Actual text and expected text of test object 'Object Repository/Page_Sample Page  Katalon Shop/h1_Sample Page' are matched.

2023-10-09 09:45:55 - [MESSAGE][PASSED] - Actual text and expected text of test object 'Object Repository/Page_Sample Page  Katalon Shop/h1_Sample Page' are matched.

2023-10-09 09:45:55 - [TEST_STEP][PASSED] - closeBrowser(): Browser is closed

2023-10-09 09:45:56 - [MESSAGE][PASSED] - Browser is closed]]></system-out>
         <system-err><![CDATA[]]></system-err>
      </testcase>
      <testcase name="Test Cases/Test cases for getting katalon degree/Test case 2" time="13.265" classname="Test Cases/Test cases for getting katalon degree/Test case 2" status="PASSED">
         <system-out><![CDATA[2023-10-09 09:45:56 - [TEST_CASE][PASSED] - Test Cases/Test cases for getting katalon degree/Test case 2: Test Cases/Test cases for getting katalon degree/Test case 2

2023-10-09 09:45:56 - [TEST_STEP][PASSED] - openBrowser(""): Browser is opened with url: ''

2023-10-09 09:45:56 - [MESSAGE][INFO] - Starting 'Firefox' driver

2023-10-09 09:45:56 - [MESSAGE][INFO] - Action delay is set to 0 milliseconds

2023-10-09 09:45:59 - [MESSAGE][PASSED] - Browser is opened with url: ''

2023-10-09 09:45:59 - [TEST_STEP][PASSED] - navigateToUrl("https://cms.demo.katalon.com/"): Navigate to 'https://cms.demo.katalon.com/' successfully

2023-10-09 09:46:01 - [MESSAGE][PASSED] - Navigate to 'https://cms.demo.katalon.com/' successfully

2023-10-09 09:46:01 - [TEST_STEP][PASSED] - click(findTestObject("Object Repository/Page_Katalon Shop  Katalon Ecommerce/a_My account")): Object: 'Object Repository/Page_Katalon Shop  Katalon Ecommerce/a_My account' is clicked on

2023-10-09 09:46:03 - [MESSAGE][PASSED] - Object: 'Object Repository/Page_Katalon Shop  Katalon Ecommerce/a_My account' is clicked on

2023-10-09 09:46:03 - [TEST_STEP][PASSED] - verifyElementPresent(findTestObject("Object Repository/Page_My account  Katalon Shop/h2_Recent Posts"), 0): Object 'Object Repository/Page_My account  Katalon Shop/h2_Recent Posts' is present

2023-10-09 09:46:03 - [MESSAGE][WARNING] - Timeout '0' is invalid. Using default page load timeout: '30'

2023-10-09 09:46:03 - [MESSAGE][PASSED] - Object 'Object Repository/Page_My account  Katalon Shop/h2_Recent Posts' is present

2023-10-09 09:46:03 - [TEST_STEP][PASSED] - click(findTestObject("Object Repository/Page_My account  Katalon Shop/button_Log in")): Object: 'Object Repository/Page_My account  Katalon Shop/button_Log in' is clicked on

2023-10-09 09:46:04 - [MESSAGE][PASSED] - Object: 'Object Repository/Page_My account  Katalon Shop/button_Log in' is clicked on

2023-10-09 09:46:04 - [TEST_STEP][PASSED] - click(findTestObject("Object Repository/Page_My account  Katalon Shop/a_Sample Page")): Object: 'Object Repository/Page_My account  Katalon Shop/a_Sample Page' is clicked on

2023-10-09 09:46:05 - [MESSAGE][PASSED] - Object: 'Object Repository/Page_My account  Katalon Shop/a_Sample Page' is clicked on

2023-10-09 09:46:05 - [TEST_STEP][PASSED] - rightClick(findTestObject("Object Repository/Page_Sample Page  Katalon Shop/a_Checkout")): Object: 'Object Repository/Page_Sample Page  Katalon Shop/a_Checkout' is right clicked on

2023-10-09 09:46:06 - [MESSAGE][PASSED] - Object: 'Object Repository/Page_Sample Page  Katalon Shop/a_Checkout' is right clicked on

2023-10-09 09:46:06 - [TEST_STEP][PASSED] - click(findTestObject("Object Repository/Page_Sample Page  Katalon Shop/blockquote_Hi there Im a bike messenger by _996985")): Object: 'Object Repository/Page_Sample Page  Katalon Shop/blockquote_Hi there Im a bike messenger by _996985' is clicked on

2023-10-09 09:46:07 - [MESSAGE][PASSED] - Object: 'Object Repository/Page_Sample Page  Katalon Shop/blockquote_Hi there Im a bike messenger by _996985' is clicked on

2023-10-09 09:46:07 - [TEST_STEP][PASSED] - rightClick(findTestObject("Object Repository/Page_Sample Page  Katalon Shop/p_Hi there Im a bike messenger by day, aspi_ed905b")): Object: 'Object Repository/Page_Sample Page  Katalon Shop/p_Hi there Im a bike messenger by day, aspi_ed905b' is right clicked on

2023-10-09 09:46:07 - [MESSAGE][PASSED] - Object: 'Object Repository/Page_Sample Page  Katalon Shop/p_Hi there Im a bike messenger by day, aspi_ed905b' is right clicked on

2023-10-09 09:46:07 - [TEST_STEP][PASSED] - click(findTestObject("Object Repository/Page_Sample Page  Katalon Shop/p_This is an example page. Its different fr_b854e3")): Object: 'Object Repository/Page_Sample Page  Katalon Shop/p_This is an example page. Its different fr_b854e3' is clicked on

2023-10-09 09:46:08 - [MESSAGE][PASSED] - Object: 'Object Repository/Page_Sample Page  Katalon Shop/p_This is an example page. Its different fr_b854e3' is clicked on

2023-10-09 09:46:08 - [TEST_STEP][PASSED] - verifyElementText(findTestObject("Object Repository/Page_Sample Page  Katalon Shop/h1_Sample Page"), "Sample Page"): Actual text and expected text of test object 'Object Repository/Page_Sample Page  Katalon Shop/h1_Sample Page' are matched.

2023-10-09 09:46:08 - [MESSAGE][PASSED] - Actual text and expected text of test object 'Object Repository/Page_Sample Page  Katalon Shop/h1_Sample Page' are matched.

2023-10-09 09:46:08 - [TEST_STEP][PASSED] - closeBrowser(): Browser is closed

2023-10-09 09:46:09 - [MESSAGE][PASSED] - Browser is closed]]></system-out>
         <system-err><![CDATA[]]></system-err>
      </testcase>
      <testcase name="Test Cases/Test cases for getting katalon degree/test case 3" time="13.215" classname="Test Cases/Test cases for getting katalon degree/test case 3" status="PASSED">
         <system-out><![CDATA[2023-10-09 09:46:09 - [TEST_CASE][PASSED] - Test Cases/Test cases for getting katalon degree/test case 3: Test Cases/Test cases for getting katalon degree/test case 3

2023-10-09 09:46:09 - [TEST_STEP][PASSED] - openBrowser(""): Browser is opened with url: ''

2023-10-09 09:46:09 - [MESSAGE][INFO] - Starting 'Firefox' driver

2023-10-09 09:46:09 - [MESSAGE][INFO] - Action delay is set to 0 milliseconds

2023-10-09 09:46:12 - [MESSAGE][PASSED] - Browser is opened with url: ''

2023-10-09 09:46:12 - [TEST_STEP][PASSED] - navigateToUrl("https://cms.demo.katalon.com/"): Navigate to 'https://cms.demo.katalon.com/' successfully

2023-10-09 09:46:14 - [MESSAGE][PASSED] - Navigate to 'https://cms.demo.katalon.com/' successfully

2023-10-09 09:46:14 - [TEST_STEP][PASSED] - click(findTestObject("Object Repository/Page_Katalon Shop  Katalon Ecommerce/a_My account")): Object: 'Object Repository/Page_Katalon Shop  Katalon Ecommerce/a_My account' is clicked on

2023-10-09 09:46:16 - [MESSAGE][PASSED] - Object: 'Object Repository/Page_Katalon Shop  Katalon Ecommerce/a_My account' is clicked on

2023-10-09 09:46:16 - [TEST_STEP][PASSED] - verifyElementPresent(findTestObject("Object Repository/Page_My account  Katalon Shop/h2_Recent Posts"), 0): Object 'Object Repository/Page_My account  Katalon Shop/h2_Recent Posts' is present

2023-10-09 09:46:16 - [MESSAGE][WARNING] - Timeout '0' is invalid. Using default page load timeout: '30'

2023-10-09 09:46:16 - [MESSAGE][PASSED] - Object 'Object Repository/Page_My account  Katalon Shop/h2_Recent Posts' is present

2023-10-09 09:46:16 - [TEST_STEP][PASSED] - click(findTestObject("Object Repository/Page_My account  Katalon Shop/button_Log in")): Object: 'Object Repository/Page_My account  Katalon Shop/button_Log in' is clicked on

2023-10-09 09:46:17 - [MESSAGE][PASSED] - Object: 'Object Repository/Page_My account  Katalon Shop/button_Log in' is clicked on

2023-10-09 09:46:17 - [TEST_STEP][PASSED] - click(findTestObject("Object Repository/Page_My account  Katalon Shop/a_Sample Page")): Object: 'Object Repository/Page_My account  Katalon Shop/a_Sample Page' is clicked on

2023-10-09 09:46:19 - [MESSAGE][PASSED] - Object: 'Object Repository/Page_My account  Katalon Shop/a_Sample Page' is clicked on

2023-10-09 09:46:19 - [TEST_STEP][PASSED] - rightClick(findTestObject("Object Repository/Page_Sample Page  Katalon Shop/a_Checkout")): Object: 'Object Repository/Page_Sample Page  Katalon Shop/a_Checkout' is right clicked on

2023-10-09 09:46:19 - [MESSAGE][PASSED] - Object: 'Object Repository/Page_Sample Page  Katalon Shop/a_Checkout' is right clicked on

2023-10-09 09:46:19 - [TEST_STEP][PASSED] - click(findTestObject("Object Repository/Page_Sample Page  Katalon Shop/blockquote_Hi there Im a bike messenger by _996985")): Object: 'Object Repository/Page_Sample Page  Katalon Shop/blockquote_Hi there Im a bike messenger by _996985' is clicked on

2023-10-09 09:46:20 - [MESSAGE][PASSED] - Object: 'Object Repository/Page_Sample Page  Katalon Shop/blockquote_Hi there Im a bike messenger by _996985' is clicked on

2023-10-09 09:46:20 - [TEST_STEP][PASSED] - rightClick(findTestObject("Object Repository/Page_Sample Page  Katalon Shop/p_Hi there Im a bike messenger by day, aspi_ed905b")): Object: 'Object Repository/Page_Sample Page  Katalon Shop/p_Hi there Im a bike messenger by day, aspi_ed905b' is right clicked on

2023-10-09 09:46:20 - [MESSAGE][PASSED] - Object: 'Object Repository/Page_Sample Page  Katalon Shop/p_Hi there Im a bike messenger by day, aspi_ed905b' is right clicked on

2023-10-09 09:46:20 - [TEST_STEP][PASSED] - click(findTestObject("Object Repository/Page_Sample Page  Katalon Shop/p_This is an example page. Its different fr_b854e3")): Object: 'Object Repository/Page_Sample Page  Katalon Shop/p_This is an example page. Its different fr_b854e3' is clicked on

2023-10-09 09:46:21 - [MESSAGE][PASSED] - Object: 'Object Repository/Page_Sample Page  Katalon Shop/p_This is an example page. Its different fr_b854e3' is clicked on

2023-10-09 09:46:21 - [TEST_STEP][PASSED] - verifyElementText(findTestObject("Object Repository/Page_Sample Page  Katalon Shop/h1_Sample Page"), "Sample Page"): Actual text and expected text of test object 'Object Repository/Page_Sample Page  Katalon Shop/h1_Sample Page' are matched.

2023-10-09 09:46:21 - [MESSAGE][PASSED] - Actual text and expected text of test object 'Object Repository/Page_Sample Page  Katalon Shop/h1_Sample Page' are matched.

2023-10-09 09:46:21 - [TEST_STEP][PASSED] - closeBrowser(): Browser is closed

2023-10-09 09:46:22 - [MESSAGE][PASSED] - Browser is closed]]></system-out>
         <system-err><![CDATA[]]></system-err>
      </testcase>
      <testcase name="Test Cases/Test cases for getting katalon degree/test case 4" time="13.927" classname="Test Cases/Test cases for getting katalon degree/test case 4" status="PASSED">
         <system-out><![CDATA[2023-10-09 09:46:22 - [TEST_CASE][PASSED] - Test Cases/Test cases for getting katalon degree/test case 4: Test Cases/Test cases for getting katalon degree/test case 4

2023-10-09 09:46:22 - [TEST_STEP][PASSED] - openBrowser(""): Browser is opened with url: ''

2023-10-09 09:46:22 - [MESSAGE][INFO] - Starting 'Firefox' driver

2023-10-09 09:46:22 - [MESSAGE][INFO] - Action delay is set to 0 milliseconds

2023-10-09 09:46:25 - [MESSAGE][PASSED] - Browser is opened with url: ''

2023-10-09 09:46:25 - [TEST_STEP][PASSED] - navigateToUrl("https://cms.demo.katalon.com/"): Navigate to 'https://cms.demo.katalon.com/' successfully

2023-10-09 09:46:27 - [MESSAGE][PASSED] - Navigate to 'https://cms.demo.katalon.com/' successfully

2023-10-09 09:46:27 - [TEST_STEP][PASSED] - click(findTestObject("Object Repository/Page_Katalon Shop  Katalon Ecommerce/a_My account")): Object: 'Object Repository/Page_Katalon Shop  Katalon Ecommerce/a_My account' is clicked on

2023-10-09 09:46:29 - [MESSAGE][PASSED] - Object: 'Object Repository/Page_Katalon Shop  Katalon Ecommerce/a_My account' is clicked on

2023-10-09 09:46:29 - [TEST_STEP][PASSED] - verifyElementPresent(findTestObject("Object Repository/Page_My account  Katalon Shop/h2_Recent Posts"), 0): Object 'Object Repository/Page_My account  Katalon Shop/h2_Recent Posts' is present

2023-10-09 09:46:29 - [MESSAGE][WARNING] - Timeout '0' is invalid. Using default page load timeout: '30'

2023-10-09 09:46:29 - [MESSAGE][PASSED] - Object 'Object Repository/Page_My account  Katalon Shop/h2_Recent Posts' is present

2023-10-09 09:46:29 - [TEST_STEP][PASSED] - click(findTestObject("Object Repository/Page_My account  Katalon Shop/button_Log in")): Object: 'Object Repository/Page_My account  Katalon Shop/button_Log in' is clicked on

2023-10-09 09:46:31 - [MESSAGE][PASSED] - Object: 'Object Repository/Page_My account  Katalon Shop/button_Log in' is clicked on

2023-10-09 09:46:31 - [TEST_STEP][PASSED] - click(findTestObject("Object Repository/Page_My account  Katalon Shop/a_Sample Page")): Object: 'Object Repository/Page_My account  Katalon Shop/a_Sample Page' is clicked on

2023-10-09 09:46:33 - [MESSAGE][PASSED] - Object: 'Object Repository/Page_My account  Katalon Shop/a_Sample Page' is clicked on

2023-10-09 09:46:33 - [TEST_STEP][PASSED] - rightClick(findTestObject("Object Repository/Page_Sample Page  Katalon Shop/a_Checkout")): Object: 'Object Repository/Page_Sample Page  Katalon Shop/a_Checkout' is right clicked on

2023-10-09 09:46:33 - [MESSAGE][PASSED] - Object: 'Object Repository/Page_Sample Page  Katalon Shop/a_Checkout' is right clicked on

2023-10-09 09:46:33 - [TEST_STEP][PASSED] - click(findTestObject("Object Repository/Page_Sample Page  Katalon Shop/blockquote_Hi there Im a bike messenger by _996985")): Object: 'Object Repository/Page_Sample Page  Katalon Shop/blockquote_Hi there Im a bike messenger by _996985' is clicked on

2023-10-09 09:46:34 - [MESSAGE][PASSED] - Object: 'Object Repository/Page_Sample Page  Katalon Shop/blockquote_Hi there Im a bike messenger by _996985' is clicked on

2023-10-09 09:46:34 - [TEST_STEP][PASSED] - rightClick(findTestObject("Object Repository/Page_Sample Page  Katalon Shop/p_Hi there Im a bike messenger by day, aspi_ed905b")): Object: 'Object Repository/Page_Sample Page  Katalon Shop/p_Hi there Im a bike messenger by day, aspi_ed905b' is right clicked on

2023-10-09 09:46:34 - [MESSAGE][PASSED] - Object: 'Object Repository/Page_Sample Page  Katalon Shop/p_Hi there Im a bike messenger by day, aspi_ed905b' is right clicked on

2023-10-09 09:46:34 - [TEST_STEP][PASSED] - click(findTestObject("Object Repository/Page_Sample Page  Katalon Shop/p_This is an example page. Its different fr_b854e3")): Object: 'Object Repository/Page_Sample Page  Katalon Shop/p_This is an example page. Its different fr_b854e3' is clicked on

2023-10-09 09:46:35 - [MESSAGE][PASSED] - Object: 'Object Repository/Page_Sample Page  Katalon Shop/p_This is an example page. Its different fr_b854e3' is clicked on

2023-10-09 09:46:35 - [TEST_STEP][PASSED] - verifyElementText(findTestObject("Object Repository/Page_Sample Page  Katalon Shop/h1_Sample Page"), "Sample Page"): Actual text and expected text of test object 'Object Repository/Page_Sample Page  Katalon Shop/h1_Sample Page' are matched.

2023-10-09 09:46:35 - [MESSAGE][PASSED] - Actual text and expected text of test object 'Object Repository/Page_Sample Page  Katalon Shop/h1_Sample Page' are matched.

2023-10-09 09:46:35 - [TEST_STEP][PASSED] - closeBrowser(): Browser is closed

2023-10-09 09:46:36 - [MESSAGE][PASSED] - Browser is closed]]></system-out>
         <system-err><![CDATA[]]></system-err>
      </testcase>
      <testcase name="Test Cases/Test cases for getting katalon degree/test case 5" time="13.326" classname="Test Cases/Test cases for getting katalon degree/test case 5" status="PASSED">
         <system-out><![CDATA[2023-10-09 09:46:36 - [TEST_CASE][PASSED] - Test Cases/Test cases for getting katalon degree/test case 5: Test Cases/Test cases for getting katalon degree/test case 5

2023-10-09 09:46:36 - [TEST_STEP][PASSED] - openBrowser(""): Browser is opened with url: ''

2023-10-09 09:46:36 - [MESSAGE][INFO] - Starting 'Firefox' driver

2023-10-09 09:46:36 - [MESSAGE][INFO] - Action delay is set to 0 milliseconds

2023-10-09 09:46:39 - [MESSAGE][PASSED] - Browser is opened with url: ''

2023-10-09 09:46:39 - [TEST_STEP][PASSED] - navigateToUrl("https://cms.demo.katalon.com/"): Navigate to 'https://cms.demo.katalon.com/' successfully

2023-10-09 09:46:42 - [MESSAGE][PASSED] - Navigate to 'https://cms.demo.katalon.com/' successfully

2023-10-09 09:46:42 - [TEST_STEP][PASSED] - click(findTestObject("Object Repository/Page_Katalon Shop  Katalon Ecommerce/a_My account")): Object: 'Object Repository/Page_Katalon Shop  Katalon Ecommerce/a_My account' is clicked on

2023-10-09 09:46:43 - [MESSAGE][PASSED] - Object: 'Object Repository/Page_Katalon Shop  Katalon Ecommerce/a_My account' is clicked on

2023-10-09 09:46:43 - [TEST_STEP][PASSED] - verifyElementPresent(findTestObject("Object Repository/Page_My account  Katalon Shop/h2_Recent Posts"), 0): Object 'Object Repository/Page_My account  Katalon Shop/h2_Recent Posts' is present

2023-10-09 09:46:43 - [MESSAGE][WARNING] - Timeout '0' is invalid. Using default page load timeout: '30'

2023-10-09 09:46:43 - [MESSAGE][PASSED] - Object 'Object Repository/Page_My account  Katalon Shop/h2_Recent Posts' is present

2023-10-09 09:46:43 - [TEST_STEP][PASSED] - click(findTestObject("Object Repository/Page_My account  Katalon Shop/button_Log in")): Object: 'Object Repository/Page_My account  Katalon Shop/button_Log in' is clicked on

2023-10-09 09:46:44 - [MESSAGE][PASSED] - Object: 'Object Repository/Page_My account  Katalon Shop/button_Log in' is clicked on

2023-10-09 09:46:44 - [TEST_STEP][PASSED] - click(findTestObject("Object Repository/Page_My account  Katalon Shop/a_Sample Page")): Object: 'Object Repository/Page_My account  Katalon Shop/a_Sample Page' is clicked on

2023-10-09 09:46:46 - [MESSAGE][PASSED] - Object: 'Object Repository/Page_My account  Katalon Shop/a_Sample Page' is clicked on

2023-10-09 09:46:46 - [TEST_STEP][PASSED] - rightClick(findTestObject("Object Repository/Page_Sample Page  Katalon Shop/a_Checkout")): Object: 'Object Repository/Page_Sample Page  Katalon Shop/a_Checkout' is right clicked on

2023-10-09 09:46:46 - [MESSAGE][PASSED] - Object: 'Object Repository/Page_Sample Page  Katalon Shop/a_Checkout' is right clicked on

2023-10-09 09:46:46 - [TEST_STEP][PASSED] - click(findTestObject("Object Repository/Page_Sample Page  Katalon Shop/blockquote_Hi there Im a bike messenger by _996985")): Object: 'Object Repository/Page_Sample Page  Katalon Shop/blockquote_Hi there Im a bike messenger by _996985' is clicked on

2023-10-09 09:46:47 - [MESSAGE][PASSED] - Object: 'Object Repository/Page_Sample Page  Katalon Shop/blockquote_Hi there Im a bike messenger by _996985' is clicked on

2023-10-09 09:46:47 - [TEST_STEP][PASSED] - rightClick(findTestObject("Object Repository/Page_Sample Page  Katalon Shop/p_Hi there Im a bike messenger by day, aspi_ed905b")): Object: 'Object Repository/Page_Sample Page  Katalon Shop/p_Hi there Im a bike messenger by day, aspi_ed905b' is right clicked on

2023-10-09 09:46:48 - [MESSAGE][PASSED] - Object: 'Object Repository/Page_Sample Page  Katalon Shop/p_Hi there Im a bike messenger by day, aspi_ed905b' is right clicked on

2023-10-09 09:46:48 - [TEST_STEP][PASSED] - click(findTestObject("Object Repository/Page_Sample Page  Katalon Shop/p_This is an example page. Its different fr_b854e3")): Object: 'Object Repository/Page_Sample Page  Katalon Shop/p_This is an example page. Its different fr_b854e3' is clicked on

2023-10-09 09:46:48 - [MESSAGE][PASSED] - Object: 'Object Repository/Page_Sample Page  Katalon Shop/p_This is an example page. Its different fr_b854e3' is clicked on

2023-10-09 09:46:48 - [TEST_STEP][PASSED] - verifyElementText(findTestObject("Object Repository/Page_Sample Page  Katalon Shop/h1_Sample Page"), "Sample Page"): Actual text and expected text of test object 'Object Repository/Page_Sample Page  Katalon Shop/h1_Sample Page' are matched.

2023-10-09 09:46:48 - [MESSAGE][PASSED] - Actual text and expected text of test object 'Object Repository/Page_Sample Page  Katalon Shop/h1_Sample Page' are matched.

2023-10-09 09:46:48 - [TEST_STEP][PASSED] - closeBrowser(): Browser is closed

2023-10-09 09:46:49 - [MESSAGE][PASSED] - Browser is closed]]></system-out>
         <system-err><![CDATA[]]></system-err>
      </testcase>
      <system-out><![CDATA[2023-10-09 09:45:41 - [TEST_SUITE][PASSED] - Katalon certificate: Test Cases/Test cases for getting katalon degree/test case 5]]></system-out>
      <system-err><![CDATA[]]></system-err>
   </testsuite>
</testsuites>
