<?xml version="1.0" encoding="UTF-8"?>
<testsuites name="Katalon certificate" time="79.826" tests="5" failures="0" errors="0">
   <testsuite name="Katalon certificate" tests="5" failures="0" errors="0" time="79.826" skipped="0" timestamp="2023-10-09 10:13:03" hostname="leyssm1 - 5CG136D91W.iconos.be" id="Test Suites/Katalon certificate">
      <properties>
         <property name="deviceName" value=""/>
         <property name="devicePlatform" value=""/>
         <property name="logFolder" value="C:\\Users\\leyssm1\\git\\E-commerce\\Reports\\20231009_101257\\Katalon certificate\\20231009_101258"/>
         <property name="logFiles" value="C:\\Users\\leyssm1\\git\\E-commerce\\Reports\\20231009_101257\\Katalon certificate\\20231009_101258\\execution0.log"/>
         <property name="attachments" value=""/>
         <property name="hostName" value="leyssm1 - 5CG136D91W.iconos.be"/>
         <property name="os" value="Windows 11 64bit"/>
         <property name="katalonVersion" value="8.6.8.208"/>
         <property name="browser" value="Firefox 118.0"/>
         <property name="hostAddress" value="192.168.0.24"/>
         <property name="sessionId" value="4697b9dd-fd0a-45b3-b772-89d6832337d2"/>
         <property name="seleniumVersion" value="3.141.59"/>
         <property name="proxyInformation" value="ProxyInformation { proxyOption=NO_PROXY, proxyServerType=HTTP, username=, password=********, proxyServerAddress=, proxyServerPort=0, executionList=&quot;&quot;, isApplyToDesiredCapabilities=true }"/>
         <property name="platform" value="Windows 11"/>
      </properties>
      <testcase name="Test Cases/Test cases for getting katalon degree/test case 1" time="15.139" classname="Test Cases/Test cases for getting katalon degree/test case 1" status="PASSED">
         <system-out><![CDATA[2023-10-09 10:13:03 - [TEST_CASE][PASSED] - Test Cases/Test cases for getting katalon degree/test case 1: Test Cases/Test cases for getting katalon degree/test case 1

2023-10-09 10:13:03 - [TEST_STEP][PASSED] - openBrowser(""): Browser is opened with url: ''

2023-10-09 10:13:03 - [MESSAGE][INFO] - Starting 'Firefox' driver

2023-10-09 10:13:04 - [MESSAGE][INFO] - Action delay is set to 0 milliseconds

2023-10-09 10:13:08 - [MESSAGE][PASSED] - Browser is opened with url: ''

2023-10-09 10:13:08 - [TEST_STEP][PASSED] - navigateToUrl("https://cms.demo.katalon.com/"): Navigate to 'https://cms.demo.katalon.com/' successfully

2023-10-09 10:13:11 - [MESSAGE][PASSED] - Navigate to 'https://cms.demo.katalon.com/' successfully

2023-10-09 10:13:11 - [TEST_STEP][PASSED] - click(findTestObject("Object Repository/Page_Katalon Shop  Katalon Ecommerce/a_My account")): Object: 'Object Repository/Page_Katalon Shop  Katalon Ecommerce/a_My account' is clicked on

2023-10-09 10:13:12 - [MESSAGE][PASSED] - Object: 'Object Repository/Page_Katalon Shop  Katalon Ecommerce/a_My account' is clicked on

2023-10-09 10:13:12 - [TEST_STEP][PASSED] - verifyElementPresent(findTestObject("Object Repository/Page_My account  Katalon Shop/h2_Recent Posts"), 0): Object 'Object Repository/Page_My account  Katalon Shop/h2_Recent Posts' is present

2023-10-09 10:13:12 - [MESSAGE][WARNING] - Timeout '0' is invalid. Using default page load timeout: '30'

2023-10-09 10:13:12 - [MESSAGE][PASSED] - Object 'Object Repository/Page_My account  Katalon Shop/h2_Recent Posts' is present

2023-10-09 10:13:12 - [TEST_STEP][PASSED] - click(findTestObject("Object Repository/Page_My account  Katalon Shop/button_Log in")): Object: 'Object Repository/Page_My account  Katalon Shop/button_Log in' is clicked on

2023-10-09 10:13:14 - [MESSAGE][PASSED] - Object: 'Object Repository/Page_My account  Katalon Shop/button_Log in' is clicked on

2023-10-09 10:13:14 - [TEST_STEP][PASSED] - click(findTestObject("Object Repository/Page_My account  Katalon Shop/a_Sample Page")): Object: 'Object Repository/Page_My account  Katalon Shop/a_Sample Page' is clicked on

2023-10-09 10:13:15 - [MESSAGE][PASSED] - Object: 'Object Repository/Page_My account  Katalon Shop/a_Sample Page' is clicked on

2023-10-09 10:13:15 - [TEST_STEP][PASSED] - rightClick(findTestObject("Object Repository/Page_Sample Page  Katalon Shop/a_Checkout")): Object: 'Object Repository/Page_Sample Page  Katalon Shop/a_Checkout' is right clicked on

2023-10-09 10:13:16 - [MESSAGE][PASSED] - Object: 'Object Repository/Page_Sample Page  Katalon Shop/a_Checkout' is right clicked on

2023-10-09 10:13:16 - [TEST_STEP][PASSED] - click(findTestObject("Object Repository/Page_Sample Page  Katalon Shop/blockquote_Hi there Im a bike messenger by _996985")): Object: 'Object Repository/Page_Sample Page  Katalon Shop/blockquote_Hi there Im a bike messenger by _996985' is clicked on

2023-10-09 10:13:16 - [MESSAGE][PASSED] - Object: 'Object Repository/Page_Sample Page  Katalon Shop/blockquote_Hi there Im a bike messenger by _996985' is clicked on

2023-10-09 10:13:16 - [TEST_STEP][PASSED] - rightClick(findTestObject("Object Repository/Page_Sample Page  Katalon Shop/p_Hi there Im a bike messenger by day, aspi_ed905b")): Object: 'Object Repository/Page_Sample Page  Katalon Shop/p_Hi there Im a bike messenger by day, aspi_ed905b' is right clicked on

2023-10-09 10:13:17 - [MESSAGE][PASSED] - Object: 'Object Repository/Page_Sample Page  Katalon Shop/p_Hi there Im a bike messenger by day, aspi_ed905b' is right clicked on

2023-10-09 10:13:17 - [TEST_STEP][PASSED] - click(findTestObject("Object Repository/Page_Sample Page  Katalon Shop/p_This is an example page. Its different fr_b854e3")): Object: 'Object Repository/Page_Sample Page  Katalon Shop/p_This is an example page. Its different fr_b854e3' is clicked on

2023-10-09 10:13:17 - [MESSAGE][PASSED] - Object: 'Object Repository/Page_Sample Page  Katalon Shop/p_This is an example page. Its different fr_b854e3' is clicked on

2023-10-09 10:13:17 - [TEST_STEP][PASSED] - verifyElementText(findTestObject("Object Repository/Page_Sample Page  Katalon Shop/h1_Sample Page"), "Sample Page"): Actual text and expected text of test object 'Object Repository/Page_Sample Page  Katalon Shop/h1_Sample Page' are matched.

2023-10-09 10:13:17 - [MESSAGE][PASSED] - Actual text and expected text of test object 'Object Repository/Page_Sample Page  Katalon Shop/h1_Sample Page' are matched.

2023-10-09 10:13:17 - [TEST_STEP][PASSED] - closeBrowser(): Browser is closed

2023-10-09 10:13:18 - [MESSAGE][PASSED] - Browser is closed]]></system-out>
         <system-err><![CDATA[]]></system-err>
      </testcase>
      <testcase name="Test Cases/Test cases for getting katalon degree/Test case 2" time="14.403" classname="Test Cases/Test cases for getting katalon degree/Test case 2" status="PASSED">
         <system-out><![CDATA[2023-10-09 10:13:18 - [TEST_CASE][PASSED] - Test Cases/Test cases for getting katalon degree/Test case 2: Test Cases/Test cases for getting katalon degree/Test case 2

2023-10-09 10:13:18 - [TEST_STEP][PASSED] - openBrowser(""): Browser is opened with url: ''

2023-10-09 10:13:18 - [MESSAGE][INFO] - Starting 'Firefox' driver

2023-10-09 10:13:18 - [MESSAGE][INFO] - Action delay is set to 0 milliseconds

2023-10-09 10:13:21 - [MESSAGE][PASSED] - Browser is opened with url: ''

2023-10-09 10:13:21 - [TEST_STEP][PASSED] - navigateToUrl("https://cms.demo.katalon.com/"): Navigate to 'https://cms.demo.katalon.com/' successfully

2023-10-09 10:13:25 - [MESSAGE][PASSED] - Navigate to 'https://cms.demo.katalon.com/' successfully

2023-10-09 10:13:25 - [TEST_STEP][PASSED] - click(findTestObject("Object Repository/Page_Katalon Shop  Katalon Ecommerce/a_My account")): Object: 'Object Repository/Page_Katalon Shop  Katalon Ecommerce/a_My account' is clicked on

2023-10-09 10:13:26 - [MESSAGE][PASSED] - Object: 'Object Repository/Page_Katalon Shop  Katalon Ecommerce/a_My account' is clicked on

2023-10-09 10:13:26 - [TEST_STEP][PASSED] - verifyElementPresent(findTestObject("Object Repository/Page_My account  Katalon Shop/h2_Recent Posts"), 0): Object 'Object Repository/Page_My account  Katalon Shop/h2_Recent Posts' is present

2023-10-09 10:13:26 - [MESSAGE][WARNING] - Timeout '0' is invalid. Using default page load timeout: '30'

2023-10-09 10:13:27 - [MESSAGE][PASSED] - Object 'Object Repository/Page_My account  Katalon Shop/h2_Recent Posts' is present

2023-10-09 10:13:27 - [TEST_STEP][PASSED] - click(findTestObject("Object Repository/Page_My account  Katalon Shop/button_Log in")): Object: 'Object Repository/Page_My account  Katalon Shop/button_Log in' is clicked on

2023-10-09 10:13:28 - [MESSAGE][PASSED] - Object: 'Object Repository/Page_My account  Katalon Shop/button_Log in' is clicked on

2023-10-09 10:13:28 - [TEST_STEP][PASSED] - click(findTestObject("Object Repository/Page_My account  Katalon Shop/a_Sample Page")): Object: 'Object Repository/Page_My account  Katalon Shop/a_Sample Page' is clicked on

2023-10-09 10:13:29 - [MESSAGE][PASSED] - Object: 'Object Repository/Page_My account  Katalon Shop/a_Sample Page' is clicked on

2023-10-09 10:13:29 - [TEST_STEP][PASSED] - rightClick(findTestObject("Object Repository/Page_Sample Page  Katalon Shop/a_Checkout")): Object: 'Object Repository/Page_Sample Page  Katalon Shop/a_Checkout' is right clicked on

2023-10-09 10:13:30 - [MESSAGE][PASSED] - Object: 'Object Repository/Page_Sample Page  Katalon Shop/a_Checkout' is right clicked on

2023-10-09 10:13:30 - [TEST_STEP][PASSED] - click(findTestObject("Object Repository/Page_Sample Page  Katalon Shop/blockquote_Hi there Im a bike messenger by _996985")): Object: 'Object Repository/Page_Sample Page  Katalon Shop/blockquote_Hi there Im a bike messenger by _996985' is clicked on

2023-10-09 10:13:31 - [MESSAGE][PASSED] - Object: 'Object Repository/Page_Sample Page  Katalon Shop/blockquote_Hi there Im a bike messenger by _996985' is clicked on

2023-10-09 10:13:31 - [TEST_STEP][PASSED] - rightClick(findTestObject("Object Repository/Page_Sample Page  Katalon Shop/p_Hi there Im a bike messenger by day, aspi_ed905b")): Object: 'Object Repository/Page_Sample Page  Katalon Shop/p_Hi there Im a bike messenger by day, aspi_ed905b' is right clicked on

2023-10-09 10:13:31 - [MESSAGE][PASSED] - Object: 'Object Repository/Page_Sample Page  Katalon Shop/p_Hi there Im a bike messenger by day, aspi_ed905b' is right clicked on

2023-10-09 10:13:31 - [TEST_STEP][PASSED] - click(findTestObject("Object Repository/Page_Sample Page  Katalon Shop/p_This is an example page. Its different fr_b854e3")): Object: 'Object Repository/Page_Sample Page  Katalon Shop/p_This is an example page. Its different fr_b854e3' is clicked on

2023-10-09 10:13:32 - [MESSAGE][PASSED] - Object: 'Object Repository/Page_Sample Page  Katalon Shop/p_This is an example page. Its different fr_b854e3' is clicked on

2023-10-09 10:13:32 - [TEST_STEP][PASSED] - verifyElementText(findTestObject("Object Repository/Page_Sample Page  Katalon Shop/h1_Sample Page"), "Sample Page"): Actual text and expected text of test object 'Object Repository/Page_Sample Page  Katalon Shop/h1_Sample Page' are matched.

2023-10-09 10:13:32 - [MESSAGE][PASSED] - Actual text and expected text of test object 'Object Repository/Page_Sample Page  Katalon Shop/h1_Sample Page' are matched.

2023-10-09 10:13:32 - [TEST_STEP][PASSED] - closeBrowser(): Browser is closed

2023-10-09 10:13:33 - [MESSAGE][PASSED] - Browser is closed]]></system-out>
         <system-err><![CDATA[]]></system-err>
      </testcase>
      <testcase name="Test Cases/Test cases for getting katalon degree/test case 3" time="16.302" classname="Test Cases/Test cases for getting katalon degree/test case 3" status="PASSED">
         <system-out><![CDATA[2023-10-09 10:13:33 - [TEST_CASE][PASSED] - Test Cases/Test cases for getting katalon degree/test case 3: Test Cases/Test cases for getting katalon degree/test case 3

2023-10-09 10:13:33 - [TEST_STEP][PASSED] - openBrowser(""): Browser is opened with url: ''

2023-10-09 10:13:33 - [MESSAGE][INFO] - Starting 'Firefox' driver

2023-10-09 10:13:33 - [MESSAGE][INFO] - Action delay is set to 0 milliseconds

2023-10-09 10:13:36 - [MESSAGE][PASSED] - Browser is opened with url: ''

2023-10-09 10:13:36 - [TEST_STEP][PASSED] - navigateToUrl("https://cms.demo.katalon.com/"): Navigate to 'https://cms.demo.katalon.com/' successfully

2023-10-09 10:13:41 - [MESSAGE][PASSED] - Navigate to 'https://cms.demo.katalon.com/' successfully

2023-10-09 10:13:41 - [TEST_STEP][PASSED] - click(findTestObject("Object Repository/Page_Katalon Shop  Katalon Ecommerce/a_My account")): Object: 'Object Repository/Page_Katalon Shop  Katalon Ecommerce/a_My account' is clicked on

2023-10-09 10:13:43 - [MESSAGE][PASSED] - Object: 'Object Repository/Page_Katalon Shop  Katalon Ecommerce/a_My account' is clicked on

2023-10-09 10:13:43 - [TEST_STEP][PASSED] - verifyElementPresent(findTestObject("Object Repository/Page_My account  Katalon Shop/h2_Recent Posts"), 0): Object 'Object Repository/Page_My account  Katalon Shop/h2_Recent Posts' is present

2023-10-09 10:13:43 - [MESSAGE][WARNING] - Timeout '0' is invalid. Using default page load timeout: '30'

2023-10-09 10:13:43 - [MESSAGE][PASSED] - Object 'Object Repository/Page_My account  Katalon Shop/h2_Recent Posts' is present

2023-10-09 10:13:43 - [TEST_STEP][PASSED] - click(findTestObject("Object Repository/Page_My account  Katalon Shop/button_Log in")): Object: 'Object Repository/Page_My account  Katalon Shop/button_Log in' is clicked on

2023-10-09 10:13:44 - [MESSAGE][PASSED] - Object: 'Object Repository/Page_My account  Katalon Shop/button_Log in' is clicked on

2023-10-09 10:13:44 - [TEST_STEP][PASSED] - click(findTestObject("Object Repository/Page_My account  Katalon Shop/a_Sample Page")): Object: 'Object Repository/Page_My account  Katalon Shop/a_Sample Page' is clicked on

2023-10-09 10:13:46 - [MESSAGE][PASSED] - Object: 'Object Repository/Page_My account  Katalon Shop/a_Sample Page' is clicked on

2023-10-09 10:13:46 - [TEST_STEP][PASSED] - rightClick(findTestObject("Object Repository/Page_Sample Page  Katalon Shop/a_Checkout")): Object: 'Object Repository/Page_Sample Page  Katalon Shop/a_Checkout' is right clicked on

2023-10-09 10:13:46 - [MESSAGE][PASSED] - Object: 'Object Repository/Page_Sample Page  Katalon Shop/a_Checkout' is right clicked on

2023-10-09 10:13:46 - [TEST_STEP][PASSED] - click(findTestObject("Object Repository/Page_Sample Page  Katalon Shop/blockquote_Hi there Im a bike messenger by _996985")): Object: 'Object Repository/Page_Sample Page  Katalon Shop/blockquote_Hi there Im a bike messenger by _996985' is clicked on

2023-10-09 10:13:47 - [MESSAGE][PASSED] - Object: 'Object Repository/Page_Sample Page  Katalon Shop/blockquote_Hi there Im a bike messenger by _996985' is clicked on

2023-10-09 10:13:47 - [TEST_STEP][PASSED] - rightClick(findTestObject("Object Repository/Page_Sample Page  Katalon Shop/p_Hi there Im a bike messenger by day, aspi_ed905b")): Object: 'Object Repository/Page_Sample Page  Katalon Shop/p_Hi there Im a bike messenger by day, aspi_ed905b' is right clicked on

2023-10-09 10:13:47 - [MESSAGE][PASSED] - Object: 'Object Repository/Page_Sample Page  Katalon Shop/p_Hi there Im a bike messenger by day, aspi_ed905b' is right clicked on

2023-10-09 10:13:47 - [TEST_STEP][PASSED] - click(findTestObject("Object Repository/Page_Sample Page  Katalon Shop/p_This is an example page. Its different fr_b854e3")): Object: 'Object Repository/Page_Sample Page  Katalon Shop/p_This is an example page. Its different fr_b854e3' is clicked on

2023-10-09 10:13:48 - [MESSAGE][PASSED] - Object: 'Object Repository/Page_Sample Page  Katalon Shop/p_This is an example page. Its different fr_b854e3' is clicked on

2023-10-09 10:13:48 - [TEST_STEP][PASSED] - verifyElementText(findTestObject("Object Repository/Page_Sample Page  Katalon Shop/h1_Sample Page"), "Sample Page"): Actual text and expected text of test object 'Object Repository/Page_Sample Page  Katalon Shop/h1_Sample Page' are matched.

2023-10-09 10:13:48 - [MESSAGE][PASSED] - Actual text and expected text of test object 'Object Repository/Page_Sample Page  Katalon Shop/h1_Sample Page' are matched.

2023-10-09 10:13:48 - [TEST_STEP][PASSED] - closeBrowser(): Browser is closed

2023-10-09 10:13:49 - [MESSAGE][PASSED] - Browser is closed]]></system-out>
         <system-err><![CDATA[]]></system-err>
      </testcase>
      <testcase name="Test Cases/Test cases for getting katalon degree/test case 4" time="20.306" classname="Test Cases/Test cases for getting katalon degree/test case 4" status="PASSED">
         <system-out><![CDATA[2023-10-09 10:13:49 - [TEST_CASE][PASSED] - Test Cases/Test cases for getting katalon degree/test case 4: Test Cases/Test cases for getting katalon degree/test case 4

2023-10-09 10:13:49 - [TEST_STEP][PASSED] - openBrowser(""): Browser is opened with url: ''

2023-10-09 10:13:49 - [MESSAGE][INFO] - Starting 'Firefox' driver

2023-10-09 10:13:49 - [MESSAGE][INFO] - Action delay is set to 0 milliseconds

2023-10-09 10:13:52 - [MESSAGE][PASSED] - Browser is opened with url: ''

2023-10-09 10:13:52 - [TEST_STEP][PASSED] - navigateToUrl("https://cms.demo.katalon.com/"): Navigate to 'https://cms.demo.katalon.com/' successfully

2023-10-09 10:14:02 - [MESSAGE][PASSED] - Navigate to 'https://cms.demo.katalon.com/' successfully

2023-10-09 10:14:02 - [TEST_STEP][PASSED] - click(findTestObject("Object Repository/Page_Katalon Shop  Katalon Ecommerce/a_My account")): Object: 'Object Repository/Page_Katalon Shop  Katalon Ecommerce/a_My account' is clicked on

2023-10-09 10:14:03 - [MESSAGE][PASSED] - Object: 'Object Repository/Page_Katalon Shop  Katalon Ecommerce/a_My account' is clicked on

2023-10-09 10:14:03 - [TEST_STEP][PASSED] - verifyElementPresent(findTestObject("Object Repository/Page_My account  Katalon Shop/h2_Recent Posts"), 0): Object 'Object Repository/Page_My account  Katalon Shop/h2_Recent Posts' is present

2023-10-09 10:14:03 - [MESSAGE][WARNING] - Timeout '0' is invalid. Using default page load timeout: '30'

2023-10-09 10:14:04 - [MESSAGE][PASSED] - Object 'Object Repository/Page_My account  Katalon Shop/h2_Recent Posts' is present

2023-10-09 10:14:04 - [TEST_STEP][PASSED] - click(findTestObject("Object Repository/Page_My account  Katalon Shop/button_Log in")): Object: 'Object Repository/Page_My account  Katalon Shop/button_Log in' is clicked on

2023-10-09 10:14:05 - [MESSAGE][PASSED] - Object: 'Object Repository/Page_My account  Katalon Shop/button_Log in' is clicked on

2023-10-09 10:14:05 - [TEST_STEP][PASSED] - click(findTestObject("Object Repository/Page_My account  Katalon Shop/a_Sample Page")): Object: 'Object Repository/Page_My account  Katalon Shop/a_Sample Page' is clicked on

2023-10-09 10:14:06 - [MESSAGE][PASSED] - Object: 'Object Repository/Page_My account  Katalon Shop/a_Sample Page' is clicked on

2023-10-09 10:14:06 - [TEST_STEP][PASSED] - rightClick(findTestObject("Object Repository/Page_Sample Page  Katalon Shop/a_Checkout")): Object: 'Object Repository/Page_Sample Page  Katalon Shop/a_Checkout' is right clicked on

2023-10-09 10:14:07 - [MESSAGE][PASSED] - Object: 'Object Repository/Page_Sample Page  Katalon Shop/a_Checkout' is right clicked on

2023-10-09 10:14:07 - [TEST_STEP][PASSED] - click(findTestObject("Object Repository/Page_Sample Page  Katalon Shop/blockquote_Hi there Im a bike messenger by _996985")): Object: 'Object Repository/Page_Sample Page  Katalon Shop/blockquote_Hi there Im a bike messenger by _996985' is clicked on

2023-10-09 10:14:07 - [MESSAGE][PASSED] - Object: 'Object Repository/Page_Sample Page  Katalon Shop/blockquote_Hi there Im a bike messenger by _996985' is clicked on

2023-10-09 10:14:07 - [TEST_STEP][PASSED] - rightClick(findTestObject("Object Repository/Page_Sample Page  Katalon Shop/p_Hi there Im a bike messenger by day, aspi_ed905b")): Object: 'Object Repository/Page_Sample Page  Katalon Shop/p_Hi there Im a bike messenger by day, aspi_ed905b' is right clicked on

2023-10-09 10:14:08 - [MESSAGE][PASSED] - Object: 'Object Repository/Page_Sample Page  Katalon Shop/p_Hi there Im a bike messenger by day, aspi_ed905b' is right clicked on

2023-10-09 10:14:08 - [TEST_STEP][PASSED] - click(findTestObject("Object Repository/Page_Sample Page  Katalon Shop/p_This is an example page. Its different fr_b854e3")): Object: 'Object Repository/Page_Sample Page  Katalon Shop/p_This is an example page. Its different fr_b854e3' is clicked on

2023-10-09 10:14:08 - [MESSAGE][PASSED] - Object: 'Object Repository/Page_Sample Page  Katalon Shop/p_This is an example page. Its different fr_b854e3' is clicked on

2023-10-09 10:14:08 - [TEST_STEP][PASSED] - verifyElementText(findTestObject("Object Repository/Page_Sample Page  Katalon Shop/h1_Sample Page"), "Sample Page"): Actual text and expected text of test object 'Object Repository/Page_Sample Page  Katalon Shop/h1_Sample Page' are matched.

2023-10-09 10:14:09 - [MESSAGE][PASSED] - Actual text and expected text of test object 'Object Repository/Page_Sample Page  Katalon Shop/h1_Sample Page' are matched.

2023-10-09 10:14:09 - [TEST_STEP][PASSED] - closeBrowser(): Browser is closed

2023-10-09 10:14:09 - [MESSAGE][PASSED] - Browser is closed]]></system-out>
         <system-err><![CDATA[]]></system-err>
      </testcase>
      <testcase name="Test Cases/Test cases for getting katalon degree/test case 5" time="13.492" classname="Test Cases/Test cases for getting katalon degree/test case 5" status="PASSED">
         <system-out><![CDATA[2023-10-09 10:14:09 - [TEST_CASE][PASSED] - Test Cases/Test cases for getting katalon degree/test case 5: Test Cases/Test cases for getting katalon degree/test case 5

2023-10-09 10:14:09 - [TEST_STEP][PASSED] - openBrowser(""): Browser is opened with url: ''

2023-10-09 10:14:09 - [MESSAGE][INFO] - Starting 'Firefox' driver

2023-10-09 10:14:09 - [MESSAGE][INFO] - Action delay is set to 0 milliseconds

2023-10-09 10:14:12 - [MESSAGE][PASSED] - Browser is opened with url: ''

2023-10-09 10:14:12 - [TEST_STEP][PASSED] - navigateToUrl("https://cms.demo.katalon.com/"): Navigate to 'https://cms.demo.katalon.com/' successfully

2023-10-09 10:14:15 - [MESSAGE][PASSED] - Navigate to 'https://cms.demo.katalon.com/' successfully

2023-10-09 10:14:15 - [TEST_STEP][PASSED] - click(findTestObject("Object Repository/Page_Katalon Shop  Katalon Ecommerce/a_My account")): Object: 'Object Repository/Page_Katalon Shop  Katalon Ecommerce/a_My account' is clicked on

2023-10-09 10:14:17 - [MESSAGE][PASSED] - Object: 'Object Repository/Page_Katalon Shop  Katalon Ecommerce/a_My account' is clicked on

2023-10-09 10:14:17 - [TEST_STEP][PASSED] - verifyElementPresent(findTestObject("Object Repository/Page_My account  Katalon Shop/h2_Recent Posts"), 0): Object 'Object Repository/Page_My account  Katalon Shop/h2_Recent Posts' is present

2023-10-09 10:14:17 - [MESSAGE][WARNING] - Timeout '0' is invalid. Using default page load timeout: '30'

2023-10-09 10:14:17 - [MESSAGE][PASSED] - Object 'Object Repository/Page_My account  Katalon Shop/h2_Recent Posts' is present

2023-10-09 10:14:17 - [TEST_STEP][PASSED] - click(findTestObject("Object Repository/Page_My account  Katalon Shop/button_Log in")): Object: 'Object Repository/Page_My account  Katalon Shop/button_Log in' is clicked on

2023-10-09 10:14:18 - [MESSAGE][PASSED] - Object: 'Object Repository/Page_My account  Katalon Shop/button_Log in' is clicked on

2023-10-09 10:14:18 - [TEST_STEP][PASSED] - click(findTestObject("Object Repository/Page_My account  Katalon Shop/a_Sample Page")): Object: 'Object Repository/Page_My account  Katalon Shop/a_Sample Page' is clicked on

2023-10-09 10:14:19 - [MESSAGE][PASSED] - Object: 'Object Repository/Page_My account  Katalon Shop/a_Sample Page' is clicked on

2023-10-09 10:14:19 - [TEST_STEP][PASSED] - rightClick(findTestObject("Object Repository/Page_Sample Page  Katalon Shop/a_Checkout")): Object: 'Object Repository/Page_Sample Page  Katalon Shop/a_Checkout' is right clicked on

2023-10-09 10:14:20 - [MESSAGE][PASSED] - Object: 'Object Repository/Page_Sample Page  Katalon Shop/a_Checkout' is right clicked on

2023-10-09 10:14:20 - [TEST_STEP][PASSED] - click(findTestObject("Object Repository/Page_Sample Page  Katalon Shop/blockquote_Hi there Im a bike messenger by _996985")): Object: 'Object Repository/Page_Sample Page  Katalon Shop/blockquote_Hi there Im a bike messenger by _996985' is clicked on

2023-10-09 10:14:21 - [MESSAGE][PASSED] - Object: 'Object Repository/Page_Sample Page  Katalon Shop/blockquote_Hi there Im a bike messenger by _996985' is clicked on

2023-10-09 10:14:21 - [TEST_STEP][PASSED] - rightClick(findTestObject("Object Repository/Page_Sample Page  Katalon Shop/p_Hi there Im a bike messenger by day, aspi_ed905b")): Object: 'Object Repository/Page_Sample Page  Katalon Shop/p_Hi there Im a bike messenger by day, aspi_ed905b' is right clicked on

2023-10-09 10:14:21 - [MESSAGE][PASSED] - Object: 'Object Repository/Page_Sample Page  Katalon Shop/p_Hi there Im a bike messenger by day, aspi_ed905b' is right clicked on

2023-10-09 10:14:21 - [TEST_STEP][PASSED] - click(findTestObject("Object Repository/Page_Sample Page  Katalon Shop/p_This is an example page. Its different fr_b854e3")): Object: 'Object Repository/Page_Sample Page  Katalon Shop/p_This is an example page. Its different fr_b854e3' is clicked on

2023-10-09 10:14:22 - [MESSAGE][PASSED] - Object: 'Object Repository/Page_Sample Page  Katalon Shop/p_This is an example page. Its different fr_b854e3' is clicked on

2023-10-09 10:14:22 - [TEST_STEP][PASSED] - verifyElementText(findTestObject("Object Repository/Page_Sample Page  Katalon Shop/h1_Sample Page"), "Sample Page"): Actual text and expected text of test object 'Object Repository/Page_Sample Page  Katalon Shop/h1_Sample Page' are matched.

2023-10-09 10:14:22 - [MESSAGE][PASSED] - Actual text and expected text of test object 'Object Repository/Page_Sample Page  Katalon Shop/h1_Sample Page' are matched.

2023-10-09 10:14:22 - [TEST_STEP][PASSED] - closeBrowser(): Browser is closed

2023-10-09 10:14:23 - [MESSAGE][PASSED] - Browser is closed]]></system-out>
         <system-err><![CDATA[]]></system-err>
      </testcase>
      <system-out><![CDATA[2023-10-09 10:13:03 - [TEST_SUITE][PASSED] - Katalon certificate: Test Cases/Test cases for getting katalon degree/test case 5]]></system-out>
      <system-err><![CDATA[]]></system-err>
   </testsuite>
</testsuites>
